   9.7515e-01   2.9187e+00   0.0000e+00   3.2825e-08   1.0528e-05   3.3000e-08   1.7000e-09   1.0584e-05   5.4523e-07
   1.1071e+00   3.0506e+00   0.0000e+00   3.9301e-08   1.0021e-05   3.8500e-08   1.9000e-09   9.8167e-06   4.8446e-07
   1.1477e+00   3.0912e+00   0.0000e+00   4.3588e-08   1.0456e-05   4.2300e-08   2.0000e-09   1.0147e-05   4.7976e-07
   1.1984e+00   3.1419e+00   0.0000e+00   5.0926e-08   1.1378e-05   4.8200e-08   2.3000e-09   1.0769e-05   5.1387e-07
   1.2445e+00   3.1880e+00   0.0000e+00   6.0196e-08   1.2665e-05   6.0100e-08   2.6000e-09   1.2645e-05   5.4705e-07
   1.2814e+00   3.2249e+00   0.0000e+00   7.0245e-08   1.4127e-05   6.4700e-08   2.7000e-09   1.3012e-05   5.4299e-07
   1.3183e+00   3.2618e+00   0.0000e+00   8.3918e-08   1.6168e-05   8.3000e-08   4.1000e-09   1.5992e-05   7.8994e-07
   1.3571e+00   3.3006e+00   0.0000e+00   1.0472e-07   1.9333e-05   1.2100e-07   5.5000e-09   2.2338e-05   1.0154e-06
   1.3921e+00   3.3357e+00   0.0000e+00   1.3384e-07   2.3817e-05   1.3400e-07   6.3000e-09   2.3846e-05   1.1211e-06
   1.4300e+00   3.3735e+00   0.0000e+00   1.8811e-07   3.2233e-05   2.0300e-07   9.0000e-09   3.4785e-05   1.5422e-06
   1.4669e+00   3.4104e+00   0.0000e+00   2.9814e-07   4.9325e-05   2.9800e-07   1.0000e-08   4.9302e-05   1.6544e-06
   1.4844e+00   3.4279e+00   0.0000e+00   3.9884e-07   6.4931e-05   4.0100e-07   1.4000e-08   6.5283e-05   2.2792e-06
   1.4936e+00   3.4371e+00   0.0000e+00   4.7725e-07   7.7053e-05   4.6400e-07   1.4000e-08   7.4913e-05   2.2603e-06
   1.5038e+00   3.4473e+00   0.0000e+00   5.9620e-07   9.5389e-05   5.9600e-07   1.9000e-08   9.5357e-05   3.0399e-06
   1.5130e+00   3.4565e+00   0.0000e+00   7.4805e-07   1.1871e-04   7.2100e-07   2.2000e-08   1.1442e-04   3.4914e-06
   1.5130e+00   3.4565e+00   0.0000e+00   7.4805e-07   1.1871e-04   6.7600e-07   2.0000e-08   1.0728e-04   3.1740e-06
   1.5222e+00   3.4657e+00   0.0000e+00   9.5877e-07   1.5094e-04   9.2400e-07   2.0000e-08   1.4546e-04   3.1485e-06
   1.5315e+00   3.4750e+00   0.0000e+00   1.2396e-06   1.9360e-04   1.2200e-06   3.0000e-08   1.9054e-04   4.6854e-06
   1.5407e+00   3.4842e+00   0.0000e+00   1.5594e-06   2.4164e-04   1.6000e-06   3.9000e-08   2.4793e-04   6.0433e-06
   1.5490e+00   3.4925e+00   0.0000e+00   1.7655e-06   2.7166e-04   1.8300e-06   3.6000e-08   2.8159e-04   5.5395e-06
   1.5582e+00   3.5017e+00   0.0000e+00   1.7134e-06   2.6163e-04   2.0000e-06   3.9000e-08   3.0539e-04   5.9552e-06
   1.5684e+00   3.5119e+00   0.0000e+00   1.3292e-06   2.0128e-04   1.6500e-06   3.4000e-08   2.4985e-04   5.1484e-06
   1.5776e+00   3.5211e+00   0.0000e+00   9.3203e-07   1.4008e-04   1.2200e-06   3.1000e-08   1.8335e-04   4.6590e-06
   1.5868e+00   3.5303e+00   0.0000e+00   6.2965e-07   9.3929e-05   8.0000e-07   2.0000e-08   1.1934e-04   2.9835e-06
   1.5960e+00   3.5395e+00   0.0000e+00   4.2772e-07   6.3339e-05   5.7900e-07   7.6000e-09   8.5741e-05   1.1254e-06
   1.6053e+00   3.5488e+00   0.0000e+00   2.9697e-07   4.3658e-05   4.0900e-07   1.3000e-08   6.0128e-05   1.9111e-06
   1.6283e+00   3.5718e+00   0.0000e+00   1.3354e-07   1.9285e-05   1.5000e-07   5.0000e-09   2.1662e-05   7.2206e-07
   1.6495e+00   3.5930e+00   0.0000e+00   7.3004e-08   1.0375e-05   7.4400e-08   2.5000e-09   1.0574e-05   3.5530e-07
   1.6735e+00   3.6170e+00   0.0000e+00   4.2415e-08   5.9229e-06   3.8500e-08   2.1000e-09   5.3761e-06   2.9324e-07
   1.6938e+00   3.6373e+00   0.0000e+00   3.0135e-08   4.1473e-06   2.5000e-08   1.6000e-09   3.4406e-06   2.2020e-07
   1.7187e+00   3.6622e+00   0.0000e+00   2.2979e-08   3.1080e-06   1.7100e-08   1.1000e-09   2.3128e-06   1.4878e-07
   1.7436e+00   3.6871e+00   0.0000e+00   2.0241e-08   2.6918e-06   1.3100e-08   1.2000e-09   1.7421e-06   1.5958e-07
   1.7630e+00   3.7065e+00   0.0000e+00   1.9748e-08   2.5927e-06   1.6200e-08   1.4000e-09   2.1269e-06   1.8381e-07
   1.7870e+00   3.7305e+00   0.0000e+00   2.0264e-08   2.6195e-06   2.0100e-08   1.5000e-09   2.5983e-06   1.9390e-07
   1.8147e+00   3.7582e+00   0.0000e+00   2.1776e-08   2.7664e-06   1.8200e-08   1.3000e-09   2.3121e-06   1.6515e-07
   1.8368e+00   3.7803e+00   0.0000e+00   2.3389e-08   2.9312e-06   2.3500e-08   1.7000e-09   2.9452e-06   2.1306e-07
   1.8617e+00   3.8052e+00   0.0000e+00   2.5453e-08   3.1429e-06   2.5600e-08   1.8000e-09   3.1610e-06   2.2226e-07
   1.8783e+00   3.8218e+00   0.0000e+00   2.6923e-08   3.2922e-06   2.6900e-08   1.5000e-09   3.2895e-06   1.8343e-07
   1.9069e+00   3.8504e+00   0.0000e+00   2.9557e-08   3.5558e-06   3.2800e-08   1.8000e-09   3.9460e-06   2.1655e-07
   1.9309e+00   3.8744e+00   0.0000e+00   3.1824e-08   3.7780e-06   2.8900e-08   1.9000e-09   3.4308e-06   2.2556e-07
   1.9549e+00   3.8984e+00   0.0000e+00   3.4117e-08   3.9979e-06   3.5500e-08   2.2000e-09   4.1599e-06   2.5780e-07
   1.9770e+00   3.9206e+00   0.0000e+00   3.6243e-08   4.1974e-06   4.4200e-08   2.4000e-09   5.1190e-06   2.7795e-07
   1.9973e+00   3.9409e+00   0.0000e+00   3.8191e-08   4.3768e-06   3.8200e-08   2.6000e-09   4.3778e-06   2.9797e-07
   2.0453e+00   3.9888e+00   0.0000e+00   4.2773e-08   4.7854e-06   5.2500e-08   2.7000e-09   5.8737e-06   3.0208e-07
   2.0887e+00   4.0322e+00   0.0000e+00   4.6869e-08   5.1359e-06   4.2600e-08   2.4000e-09   4.6681e-06   2.6299e-07
   2.1376e+00   4.0811e+00   0.0000e+00   5.1428e-08   5.5105e-06   5.6300e-08   3.1000e-09   6.0326e-06   3.3217e-07
   2.1828e+00   4.1263e+00   0.0000e+00   5.5583e-08   5.8388e-06   5.2900e-08   3.3000e-09   5.5570e-06   3.4666e-07
   2.2391e+00   4.1826e+00   0.0000e+00   6.0679e-08   6.2259e-06   6.4400e-08   3.7000e-09   6.6077e-06   3.7964e-07
   2.2843e+00   4.2278e+00   0.0000e+00   6.4714e-08   6.5211e-06   7.5700e-08   4.1000e-09   7.6282e-06   4.1315e-07
   2.3424e+00   4.2859e+00   0.0000e+00   6.9830e-08   6.8826e-06   7.6800e-08   4.2000e-09   7.5695e-06   4.1396e-07
   9.7515e-01   2.9187e+00   5.5000e+01   3.3312e-08   1.0684e-05   3.2700e-08   1.7000e-09   1.0488e-05   5.4523e-07
   1.1071e+00   3.0506e+00   5.5000e+01   4.0603e-08   1.0353e-05   3.9500e-08   1.7000e-09   1.0072e-05   4.3346e-07
   1.1440e+00   3.0875e+00   5.5000e+01   4.4927e-08   1.0835e-05   4.5200e-08   1.8000e-09   1.0901e-05   4.3411e-07
   1.1809e+00   3.1244e+00   5.5000e+01   5.0587e-08   1.1576e-05   4.7100e-08   2.0000e-09   1.0778e-05   4.5767e-07
   1.1993e+00   3.1428e+00   5.5000e+01   5.4036e-08   1.2058e-05   5.3600e-08   2.0000e-09   1.1961e-05   4.4629e-07
   1.2187e+00   3.1622e+00   5.5000e+01   5.8201e-08   1.2658e-05   6.0700e-08   2.3000e-09   1.3202e-05   5.0022e-07
   1.2464e+00   3.1899e+00   5.5000e+01   6.5343e-08   1.3717e-05   6.0000e-08   2.4000e-09   1.2595e-05   5.0380e-07
   1.2648e+00   3.2083e+00   5.5000e+01   7.1084e-08   1.4585e-05   6.5900e-08   2.9000e-09   1.3521e-05   5.9502e-07
   1.2824e+00   3.2259e+00   5.5000e+01   7.7464e-08   1.5562e-05   8.1800e-08   3.7000e-09   1.6433e-05   7.4329e-07
   1.3017e+00   3.2452e+00   5.5000e+01   8.5843e-08   1.6857e-05   8.1900e-08   3.3000e-09   1.6083e-05   6.4802e-07
   1.3202e+00   3.2637e+00   5.5000e+01   9.5498e-08   1.8361e-05   9.4800e-08   3.6000e-09   1.8227e-05   6.9216e-07
   1.3562e+00   3.2997e+00   5.5000e+01   1.2124e-07   2.2406e-05   1.1000e-07   3.7000e-09   2.0328e-05   6.8375e-07
   1.3755e+00   3.3190e+00   5.5000e+01   1.4090e-07   2.5508e-05   1.3500e-07   4.4000e-09   2.4440e-05   7.9657e-07
   1.3940e+00   3.3375e+00   5.5000e+01   1.6560e-07   2.9414e-05   1.5800e-07   5.6000e-09   2.8064e-05   9.9466e-07
   1.4106e+00   3.3541e+00   5.5000e+01   1.9523e-07   3.4100e-05   1.9500e-07   6.7000e-09   3.4059e-05   1.1702e-06
   1.4300e+00   3.3735e+00   5.5000e+01   2.4354e-07   4.1733e-05   2.2600e-07   7.9000e-09   3.8726e-05   1.3537e-06
   1.4484e+00   3.3919e+00   5.5000e+01   3.1213e-07   5.2544e-05   2.9600e-07   1.0000e-08   4.9828e-05   1.6834e-06
   1.4576e+00   3.4012e+00   5.5000e+01   3.5953e-07   5.9997e-05   3.2800e-07   1.2000e-08   5.4736e-05   2.0025e-06
   1.4669e+00   3.4104e+00   5.5000e+01   4.1993e-07   6.9474e-05   3.8000e-07   1.3000e-08   6.2869e-05   2.1508e-06
   1.4761e+00   3.4196e+00   5.5000e+01   4.9847e-07   8.1769e-05   5.0100e-07   1.7000e-08   8.2184e-05   2.7887e-06
   1.4853e+00   3.4288e+00   5.5000e+01   6.0288e-07   9.8068e-05   5.8800e-07   1.9000e-08   9.5647e-05   3.0906e-06
   1.4945e+00   3.4381e+00   5.5000e+01   7.4511e-07   1.2020e-04   7.1900e-07   2.4000e-08   1.1599e-04   3.8716e-06
   1.5038e+00   3.4473e+00   5.5000e+01   9.4366e-07   1.5098e-04   8.5300e-07   2.7000e-08   1.3648e-04   4.3198e-06
   1.5121e+00   3.4556e+00   5.5000e+01   1.1937e-06   1.8959e-04   1.0900e-06   3.3000e-08   1.7312e-04   5.2413e-06
   1.5222e+00   3.4657e+00   5.5000e+01   1.6341e-06   2.5726e-04   1.4600e-06   4.5000e-08   2.2984e-04   7.0842e-06
   1.5315e+00   3.4750e+00   5.5000e+01   2.2025e-06   3.4399e-04   2.0100e-06   5.2000e-08   3.1392e-04   8.1214e-06
   1.5407e+00   3.4842e+00   5.5000e+01   2.8980e-06   4.4906e-04   2.6700e-06   6.7000e-08   4.1374e-04   1.0382e-05
   1.5490e+00   3.4925e+00   5.5000e+01   3.4264e-06   5.2724e-04   3.4600e-06   7.4000e-08   5.3241e-04   1.1387e-05
   1.5591e+00   3.5026e+00   5.5000e+01   3.4702e-06   5.2949e-04   3.7800e-06   7.3000e-08   5.7675e-04   1.1138e-05
   1.5693e+00   3.5128e+00   5.5000e+01   2.8126e-06   4.2557e-04   3.2600e-06   5.8000e-08   4.9327e-04   8.7760e-06
   1.5776e+00   3.5211e+00   5.5000e+01   2.1476e-06   3.2276e-04   2.5600e-06   5.0000e-08   3.8474e-04   7.5145e-06
   1.5877e+00   3.5312e+00   5.5000e+01   1.4948e-06   2.2283e-04   1.6800e-06   3.2000e-08   2.5043e-04   4.7702e-06
   1.5960e+00   3.5395e+00   5.5000e+01   1.1210e-06   1.6601e-04   1.2400e-06   2.8000e-08   1.8362e-04   4.1464e-06
   1.6053e+00   3.5488e+00   5.5000e+01   8.3397e-07   1.2260e-04   9.8000e-07   1.6000e-08   1.4407e-04   2.3522e-06
   1.6274e+00   3.5709e+00   5.5000e+01   4.5938e-07   6.6387e-05   5.1400e-07   1.3000e-08   7.4280e-05   1.8787e-06
   1.6486e+00   3.5921e+00   5.5000e+01   2.9521e-07   4.1984e-05   3.2900e-07   1.1000e-08   4.6790e-05   1.5644e-06
   1.6735e+00   3.6170e+00   5.5000e+01   1.9851e-07   2.7720e-05   2.1400e-07   7.5000e-09   2.9883e-05   1.0473e-06
   1.6966e+00   3.6401e+00   5.5000e+01   1.5038e-07   2.0656e-05   1.6800e-07   5.3000e-09   2.3076e-05   7.2799e-07
   1.7197e+00   3.6632e+00   5.5000e+01   1.2180e-07   1.6463e-05   1.3500e-07   4.9000e-09   1.8248e-05   6.6232e-07
   1.7436e+00   3.6871e+00   5.5000e+01   1.0343e-07   1.3755e-05   1.1500e-07   4.0000e-09   1.5293e-05   5.3194e-07
   1.7436e+00   3.6871e+00   5.5000e+01   1.0343e-07   1.3755e-05   1.2400e-07   4.6000e-09   1.6490e-05   6.1173e-07
   1.7676e+00   3.7111e+00   5.5000e+01   9.1844e-08   1.2022e-05   1.0800e-07   4.0000e-09   1.4137e-05   5.2358e-07
   1.7870e+00   3.7305e+00   5.5000e+01   8.5606e-08   1.1066e-05   1.0100e-07   3.7000e-09   1.3056e-05   4.7830e-07
   1.8147e+00   3.7582e+00   5.5000e+01   7.9876e-08   1.0147e-05   1.0200e-07   4.1000e-09   1.2958e-05   5.2086e-07
   1.8368e+00   3.7803e+00   5.5000e+01   7.7114e-08   9.6646e-06   8.9100e-08   3.8000e-09   1.1167e-05   4.7625e-07
   1.8617e+00   3.8052e+00   5.5000e+01   7.5336e-08   9.3024e-06   8.8400e-08   3.7000e-09   1.0915e-05   4.5687e-07
   1.8793e+00   3.8228e+00   5.5000e+01   7.4709e-08   9.1310e-06   8.0700e-08   3.6000e-09   9.8632e-06   4.3999e-07
   1.9069e+00   3.8504e+00   5.5000e+01   7.4494e-08   8.9621e-06   9.8400e-08   3.9000e-09   1.1838e-05   4.6919e-07
   1.9309e+00   3.8744e+00   5.5000e+01   7.4891e-08   8.8905e-06   9.2700e-08   3.9000e-09   1.1005e-05   4.6298e-07
   1.9540e+00   3.8975e+00   5.5000e+01   7.5657e-08   8.8699e-06   9.2000e-08   4.0000e-09   1.0786e-05   4.6895e-07
   1.9558e+00   3.8993e+00   5.5000e+01   7.5732e-08   8.8699e-06   8.6100e-08   3.8000e-09   1.0084e-05   4.4506e-07
   1.9770e+00   3.9206e+00   5.5000e+01   7.6719e-08   8.8852e-06   9.4400e-08   4.1000e-09   1.0933e-05   4.7484e-07
   1.9983e+00   3.9418e+00   5.5000e+01   7.7905e-08   8.9239e-06   9.6800e-08   4.2000e-09   1.1088e-05   4.8110e-07
   2.0232e+00   3.9667e+00   5.5000e+01   7.9504e-08   8.9929e-06   9.3600e-08   4.6000e-09   1.0587e-05   5.2032e-07
   2.0472e+00   3.9907e+00   5.5000e+01   8.1216e-08   9.0783e-06   9.8500e-08   4.8000e-09   1.1010e-05   5.3654e-07
   2.0684e+00   4.0119e+00   5.5000e+01   8.2847e-08   9.1661e-06   1.0900e-07   4.8000e-09   1.2060e-05   5.3106e-07
   2.0887e+00   4.0322e+00   5.5000e+01   8.4493e-08   9.2587e-06   1.1500e-07   4.9000e-09   1.2602e-05   5.3694e-07
   2.1099e+00   4.0534e+00   5.5000e+01   8.6291e-08   9.3630e-06   1.1600e-07   5.0000e-09   1.2587e-05   5.4252e-07
   2.1376e+00   4.0811e+00   5.5000e+01   8.8737e-08   9.5083e-06   1.0500e-07   4.8000e-09   1.1251e-05   5.1432e-07
   2.1588e+00   4.1023e+00   5.5000e+01   9.0679e-08   9.6254e-06   1.1000e-07   4.8000e-09   1.1676e-05   5.0951e-07
   2.1809e+00   4.1244e+00   5.5000e+01   9.2759e-08   9.7519e-06   1.1000e-07   4.7000e-09   1.1564e-05   4.9412e-07
   2.2123e+00   4.1558e+00   5.5000e+01   9.5785e-08   9.9370e-06   1.2200e-07   5.5000e-09   1.2657e-05   5.7059e-07
   2.2372e+00   4.1807e+00   5.5000e+01   9.8246e-08   1.0088e-05   1.2300e-07   5.6000e-09   1.2630e-05   5.7502e-07
   2.2603e+00   4.2038e+00   5.5000e+01   1.0056e-07   1.0230e-05   1.2500e-07   6.0000e-09   1.2716e-05   6.1038e-07
   2.2843e+00   4.2278e+00   5.5000e+01   1.0301e-07   1.0380e-05   1.3800e-07   6.4000e-09   1.3906e-05   6.4492e-07
   2.3129e+00   4.2564e+00   5.5000e+01   1.0597e-07   1.0562e-05   1.5400e-07   6.9000e-09   1.5348e-05   6.8767e-07
   2.3368e+00   4.2804e+00   5.5000e+01   1.0849e-07   1.0715e-05   1.3500e-07   6.4000e-09   1.3333e-05   6.3210e-07


   1.1943e+00   3.1379e+00   0.0000e+00   5.0242e-08   1.1287e-05   5.1000e-08   1.3300e-09   1.1457e-05   2.9879e-07
   1.1943e+00   3.1379e+00   3.0000e+01   5.1468e-08   1.1562e-05   5.2900e-08   1.4800e-09   1.1884e-05   3.3249e-07
   1.1943e+00   3.1379e+00   4.5000e+01   5.2543e-08   1.1804e-05   5.3400e-08   1.3900e-09   1.1996e-05   3.1227e-07
   1.1943e+00   3.1379e+00   6.0000e+01   5.3168e-08   1.1944e-05   5.2400e-08   1.4900e-09   1.1772e-05   3.3473e-07
   1.1943e+00   3.1379e+00   9.0000e+01   4.9849e-08   1.1199e-05   5.3400e-08   1.4400e-09   1.1996e-05   3.2350e-07
   1.1943e+00   3.1379e+00   1.2000e+02   3.7531e-08   8.4313e-06   4.4000e-08   1.3800e-09   9.8847e-06   3.1002e-07
   1.1943e+00   3.1379e+00   1.3000e+02   3.2017e-08   7.1927e-06   3.7600e-08   1.3700e-09   8.4469e-06   3.0777e-07


   1.2875e+00   3.2310e+00   0.0000e+00   7.2207e-08   1.4417e-05   7.4000e-08   1.9500e-09   1.4775e-05   3.8934e-07
   1.2875e+00   3.2310e+00   4.5000e+01   7.8261e-08   1.5626e-05   7.7200e-08   1.9300e-09   1.5414e-05   3.8534e-07
   1.2875e+00   3.2310e+00   9.0000e+01   7.3687e-08   1.4712e-05   7.9900e-08   2.2500e-09   1.5953e-05   4.4924e-07
   1.2875e+00   3.2310e+00   1.3000e+02   4.3133e-08   8.6119e-06   5.0000e-08   1.8900e-09   9.9830e-06   3.7736e-07


   1.3792e+00   3.3227e+00   0.0000e+00   1.2152e-07   2.1915e-05   1.2300e-07   3.1500e-09   2.2182e-05   5.6808e-07
   1.3792e+00   3.3227e+00   1.5000e+01   1.2439e-07   2.2433e-05   1.2400e-07   2.9400e-09   2.2362e-05   5.3021e-07
   1.3792e+00   3.3227e+00   3.0000e+01   1.3182e-07   2.3773e-05   1.3900e-07   3.2600e-09   2.5068e-05   5.8792e-07
   1.3792e+00   3.3227e+00   4.5000e+01   1.4066e-07   2.5367e-05   1.4000e-07   3.1800e-09   2.5248e-05   5.7349e-07
   1.3792e+00   3.3227e+00   5.5000e+01   1.4530e-07   2.6203e-05   1.4500e-07   3.7200e-09   2.6150e-05   6.7087e-07
   1.3792e+00   3.3227e+00   6.0000e+01   1.4678e-07   2.6471e-05   1.4300e-07   3.2900e-09   2.5789e-05   5.9333e-07
   1.3792e+00   3.3227e+00   7.5000e+01   1.4643e-07   2.6407e-05   1.3600e-07   3.3000e-09   2.4527e-05   5.9513e-07
   1.3792e+00   3.3227e+00   9.0000e+01   1.3738e-07   2.4775e-05   1.2200e-07   3.3100e-09   2.2002e-05   5.9693e-07
   1.3792e+00   3.3227e+00   1.1000e+02   1.1217e-07   2.0229e-05   1.1300e-07   3.4200e-09   2.0379e-05   6.1677e-07
   1.3792e+00   3.3227e+00   1.2000e+02   9.5605e-08   1.7242e-05   1.0700e-07   3.0900e-09   1.9297e-05   5.5726e-07
   1.3792e+00   3.3227e+00   1.3000e+02   7.8033e-08   1.4073e-05   8.6800e-08   3.0900e-09   1.5654e-05   5.5726e-07


   1.4714e+00   3.4149e+00   0.0000e+00   3.1960e-07   5.2654e-05   3.2600e-07   1.1000e-08   5.3709e-05   1.8123e-06
   1.4714e+00   3.4149e+00   4.5000e+01   4.2523e-07   7.0059e-05   4.2500e-07   9.3600e-09   7.0020e-05   1.5421e-06
   1.4714e+00   3.4149e+00   9.0000e+01   4.7096e-07   7.7592e-05   4.1200e-07   1.0100e-08   6.7878e-05   1.6640e-06
   1.4714e+00   3.4149e+00   1.3000e+02   2.8805e-07   4.7457e-05   3.1800e-07   1.0400e-08   5.2391e-05   1.7134e-06


   1.5636e+00   3.5072e+00   0.0000e+00   1.5326e-06   2.3298e-04   1.7600e-06   3.2900e-08   2.6754e-04   5.0012e-06
   1.5636e+00   3.5072e+00   1.5000e+01   1.7036e-06   2.5897e-04   2.1200e-06   3.9300e-08   3.2226e-04   5.9740e-06
   1.5636e+00   3.5072e+00   3.0000e+01   2.1698e-06   3.2983e-04   2.6700e-06   6.1000e-08   4.0587e-04   9.2727e-06
   1.5636e+00   3.5072e+00   4.5000e+01   2.8035e-06   4.2616e-04   3.3700e-06   6.8400e-08   5.1228e-04   1.0398e-05
   1.5636e+00   3.5072e+00   5.5000e+01   3.2341e-06   4.9162e-04   3.7600e-06   7.2100e-08   5.7156e-04   1.0960e-05
   1.5636e+00   3.5072e+00   6.0000e+01   3.4318e-06   5.2168e-04   3.9300e-06   7.2300e-08   5.9740e-04   1.0990e-05
   1.5636e+00   3.5072e+00   7.5000e+01   3.8838e-06   5.9039e-04   4.1600e-06   7.0900e-08   6.3237e-04   1.0778e-05
   1.5636e+00   3.5072e+00   9.0000e+01   4.0365e-06   6.1359e-04   3.9800e-06   7.2800e-08   6.0500e-04   1.1066e-05
   1.5636e+00   3.5072e+00   1.1000e+02   3.7141e-06   5.6459e-04   4.2100e-06   8.4900e-08   6.3997e-04   1.2906e-05
   1.5636e+00   3.5072e+00   1.2000e+02   3.3649e-06   5.1151e-04   3.8200e-06   8.6400e-08   5.8068e-04   1.3134e-05
   1.5636e+00   3.5072e+00   1.3000e+02   2.9409e-06   4.4704e-04   3.2800e-06   8.2900e-08   4.9860e-04   1.2602e-05


   1.6553e+00   3.5989e+00   0.0000e+00   6.3143e-08   8.9353e-06   5.4900e-08   2.9400e-09   7.7688e-06   4.1604e-07
   1.6553e+00   3.5989e+00   4.5000e+01   2.0700e-07   2.9292e-05   2.4200e-07   5.9700e-09   3.4245e-05   8.4481e-07
   1.6553e+00   3.5989e+00   9.0000e+01   4.0647e-07   5.7519e-05   4.1200e-07   9.1500e-09   5.8302e-05   1.2948e-06
   1.6553e+00   3.5989e+00   1.3000e+02   3.4784e-07   4.9223e-05   3.6500e-07   9.3300e-09   5.1651e-05   1.3203e-06


   1.7433e+00   3.6868e+00   1.5000e+01   2.7338e-08   3.6365e-06   3.3100e-08   2.1300e-09   4.4029e-06   2.8333e-07
   1.7433e+00   3.6868e+00   3.0000e+01   4.7832e-08   6.3625e-06   5.7500e-08   3.3300e-09   7.6486e-06   4.4295e-07
   1.7433e+00   3.6868e+00   4.5000e+01   7.9157e-08   1.0529e-05   9.7100e-08   4.0200e-09   1.2916e-05   5.3473e-07
   1.7433e+00   3.6868e+00   5.5000e+01   1.0365e-07   1.3788e-05   1.3000e-07   4.9900e-09   1.7292e-05   6.6376e-07
   1.7433e+00   3.6868e+00   6.0000e+01   1.1622e-07   1.5460e-05   1.3400e-07   1.2500e-08   1.7824e-05   1.6627e-06
   1.7433e+00   3.6868e+00   7.5000e+01   1.5155e-07   2.0158e-05   1.7400e-07   5.4700e-09   2.3145e-05   7.2761e-07
   1.7433e+00   3.6868e+00   9.0000e+01   1.7680e-07   2.3517e-05   1.9200e-07   6.0500e-09   2.5540e-05   8.0476e-07
   1.7433e+00   3.6868e+00   9.0000e+01   1.7680e-07   2.3517e-05   1.8200e-07   6.0500e-09   2.4209e-05   8.0476e-07
   1.7433e+00   3.6868e+00   1.0000e+02   1.8471e-07   2.4570e-05   1.9500e-07   5.8300e-09   2.5939e-05   7.7550e-07
   1.7433e+00   3.6868e+00   1.1000e+02   1.8437e-07   2.4525e-05   2.1500e-07   6.6300e-09   2.8599e-05   8.8191e-07
   1.7433e+00   3.6868e+00   1.2000e+02   1.7614e-07   2.3430e-05   2.0900e-07   6.3200e-09   2.7801e-05   8.4068e-07
   1.7433e+00   3.6868e+00   1.3000e+02   1.6155e-07   2.1489e-05   1.8800e-07   6.6400e-09   2.5007e-05   8.8324e-07


   1.8396e+00   3.7831e+00   0.0000e+00   2.3607e-08   2.9537e-06   2.2000e-08   3.4600e-09   2.7526e-06   4.3291e-07
   1.8396e+00   3.7831e+00   4.5000e+01   6.0603e-08   7.5826e-06   7.4200e-08   3.4000e-09   9.2838e-06   4.2540e-07
   1.8396e+00   3.7831e+00   9.0000e+01   1.2803e-07   1.6018e-05   1.2800e-07   4.9300e-09   1.6015e-05   6.1684e-07
   1.8396e+00   3.7831e+00   1.3000e+02   1.1684e-07   1.4618e-05   1.3800e-07   5.7100e-09   1.7266e-05   7.1443e-07


   1.9309e+00   3.8744e+00   0.0000e+00   3.1824e-08   3.7780e-06   3.5800e-08   3.6600e-09   4.2499e-06   4.3449e-07
   1.9309e+00   3.8744e+00   4.5000e+01   6.1509e-08   7.3020e-06   7.4000e-08   3.0400e-09   8.7848e-06   3.6089e-07
   1.9309e+00   3.8744e+00   9.0000e+01   1.1730e-07   1.3925e-05   1.3100e-07   5.5800e-09   1.5551e-05   6.6242e-07
   1.9309e+00   3.8744e+00   1.3000e+02   1.0402e-07   1.2349e-05   1.2300e-07   4.4900e-09   1.4602e-05   5.3302e-07


   2.0230e+00   3.9665e+00   0.0000e+00   4.0646e-08   4.5980e-06   4.1700e-08   2.4900e-09   4.7172e-06   2.8168e-07
   2.0230e+00   3.9665e+00   4.5000e+01   6.7352e-08   7.6191e-06   7.2400e-08   3.2100e-09   8.1901e-06   3.6312e-07
   2.0230e+00   3.9665e+00   9.0000e+01   1.1733e-07   1.3273e-05   1.2200e-07   4.7800e-09   1.3801e-05   5.4073e-07


   2.1159e+00   4.0594e+00   0.0000e+00   4.9415e-08   5.3470e-06   5.1100e-08   3.1300e-09   5.5294e-06   3.3869e-07
   2.1159e+00   4.0594e+00   4.5000e+01   7.5152e-08   8.1319e-06   1.0000e-07   4.2800e-09   1.0821e-05   4.6313e-07
   2.1159e+00   4.0594e+00   9.0000e+01   1.2212e-07   1.3214e-05   1.3900e-07   5.1700e-09   1.5041e-05   5.5943e-07
   2.1159e+00   4.0594e+00   1.3000e+02   1.0130e-07   1.0962e-05   1.2600e-07   5.8700e-09   1.3634e-05   6.3518e-07


   2.2093e+00   4.1528e+00   0.0000e+00   5.7991e-08   6.0238e-06   6.3300e-08   3.5100e-09   6.5753e-06   3.6460e-07
   2.2093e+00   4.1528e+00   4.5000e+01   8.3879e-08   8.7130e-06   1.0900e-07   4.2700e-09   1.1322e-05   4.4355e-07
   2.2093e+00   4.1528e+00   9.0000e+01   1.2939e-07   1.3441e-05   1.6900e-07   6.3800e-09   1.7555e-05   6.6272e-07
   2.2093e+00   4.1528e+00   1.3000e+02   1.0429e-07   1.0833e-05   1.1800e-07   6.8500e-09   1.2257e-05   7.1155e-07


   2.2993e+00   4.2428e+00   0.0000e+00   6.6045e-08   6.6165e-06   7.7400e-08   4.0900e-09   7.7541e-06   4.0975e-07
   2.2993e+00   4.2428e+00   4.5000e+01   9.2751e-08   9.2920e-06   1.3100e-07   5.2400e-09   1.3124e-05   5.2495e-07
   2.2993e+00   4.2428e+00   9.0000e+01   1.3780e-07   1.3805e-05   1.7200e-07   7.0400e-09   1.7231e-05   7.0528e-07
   2.2993e+00   4.2428e+00   1.3000e+02   1.0842e-07   1.0862e-05   1.4800e-07   6.9200e-09   1.4827e-05   6.9326e-07


   3.2662e-01   2.2701e+00   9.0000e+01   1.7906e-06   1.3069e-02   2.5000e-06   3.0000e-07   1.8246e-02   2.1896e-03
   3.5980e-01   2.3033e+00   9.0000e+01   5.3162e-06   2.6636e-02   6.5000e-06   8.0000e-07   3.2566e-02   4.0082e-03
   4.2436e-01   2.3679e+00   9.0000e+01   1.1694e-04   3.2456e-01   1.2400e-04   1.2000e-05   3.4414e-01   3.3304e-02
   4.2716e-01   2.3707e+00   9.0000e+01   1.1182e-04   3.0351e-01   1.1600e-04   1.2000e-05   3.1485e-01   3.2571e-02
   5.2121e-01   2.4647e+00   9.0000e+01   4.9314e-06   7.1264e-03   5.0000e-06   5.0000e-07   7.2255e-03   7.2255e-04
   6.9191e-01   2.6354e+00   9.0000e+01   9.5229e-07   6.4117e-04   1.0000e-06   1.0000e-07   6.7329e-04   6.7329e-05
   9.7885e-01   2.9224e+00   9.0000e+01   4.0018e-07   1.2743e-04   2.7000e-07   3.0000e-08   8.5975e-05   9.5527e-06


   3.2677e-01   2.2703e+00   0.0000e+00   1.4618e-07   1.0649e-03   1.5360e-07   1.6800e-08   1.1189e-03   1.2238e-04
   3.2677e-01   2.2703e+00   4.5000e+01   1.4557e-07   1.0604e-03   1.5440e-07   1.2000e-08   1.1248e-03   8.7417e-05
   3.2677e-01   2.2703e+00   9.0000e+01   1.4336e-07   1.0444e-03   1.8560e-07   1.8400e-08   1.3520e-03   1.3404e-04
   3.2677e-01   2.2703e+00   1.3500e+02   1.4050e-07   1.0235e-03   1.5040e-07   1.2000e-08   1.0956e-03   8.7417e-05


   3.5998e-01   2.3035e+00   0.0000e+00   4.3509e-07   2.1757e-03   3.8000e-07   4.0000e-08   1.9002e-03   2.0002e-04
   3.5998e-01   2.3035e+00   4.5000e+01   4.3221e-07   2.1613e-03   5.2000e-07   5.0000e-08   2.6003e-03   2.5003e-04
   3.5998e-01   2.3035e+00   9.0000e+01   4.2560e-07   2.1283e-03   4.9000e-07   5.0000e-08   2.4503e-03   2.5003e-04
   3.5998e-01   2.3035e+00   1.3500e+02   4.2011e-07   2.1008e-03   5.8000e-07   6.0000e-08   2.9003e-03   3.0003e-04


   4.2456e-01   2.3681e+00   0.0000e+00   9.4598e-06   2.6212e-02   9.1000e-06   1.0000e-06   2.5215e-02   2.7709e-03
   4.2456e-01   2.3681e+00   9.0000e+01   9.2457e-06   2.5619e-02   1.0800e-05   1.1000e-06   2.9925e-02   3.0480e-03
   4.2456e-01   2.3681e+00   1.3500e+02   9.2655e-06   2.5674e-02   9.6000e-06   9.0000e-07   2.6600e-02   2.4938e-03


   4.2742e-01   2.3709e+00   0.0000e+00   8.9972e-06   2.4370e-02   8.0000e-06   9.0000e-07   2.1669e-02   2.4378e-03
   4.2742e-01   2.3709e+00   9.0000e+01   8.7943e-06   2.3820e-02   1.0500e-05   1.0000e-06   2.8441e-02   2.7086e-03
   4.2742e-01   2.3709e+00   1.3500e+02   8.8193e-06   2.3888e-02   8.6000e-06   6.0000e-07   2.3294e-02   1.6252e-03


   5.2152e-01   2.4650e+00   0.0000e+00   3.9246e-07   5.6613e-04   4.1000e-07   4.0000e-08   5.9143e-04   5.7701e-05
   5.2152e-01   2.4650e+00   9.0000e+01   3.8669e-07   5.5781e-04   4.1000e-07   4.0000e-08   5.9143e-04   5.7701e-05
   5.2152e-01   2.4650e+00   1.3500e+02   3.9696e-07   5.7262e-04   3.6000e-07   3.0000e-08   5.1930e-04   4.3275e-05


   6.9229e-01   2.6358e+00   0.0000e+00   7.3807e-08   4.9628e-05   5.2000e-08   7.0000e-09   3.4965e-05   4.7068e-06
   6.9229e-01   2.6358e+00   4.5000e+01   7.2654e-08   4.8852e-05   8.1000e-08   8.1000e-09   5.4464e-05   5.4464e-06
   6.9229e-01   2.6358e+00   9.0000e+01   7.5078e-08   5.0483e-05   7.5600e-08   7.6000e-09   5.0833e-05   5.1102e-06
   6.9229e-01   2.6358e+00   1.3500e+02   7.9088e-08   5.3179e-05   8.9000e-08   9.0000e-09   5.9843e-05   6.0516e-06


   9.7939e-01   2.9229e+00   0.0000e+00   3.3614e-08   1.0692e-05   2.0000e-08   2.0000e-09   6.3619e-06   6.3619e-07
   9.7939e-01   2.9229e+00   4.5000e+01   3.2999e-08   1.0497e-05   2.1000e-08   2.1000e-09   6.6800e-06   6.6800e-07
   9.7939e-01   2.9229e+00   9.0000e+01   3.3913e-08   1.0788e-05   2.1000e-08   2.1000e-09   6.6800e-06   6.6800e-07
   9.7939e-01   2.9229e+00   1.3500e+02   2.8574e-08   9.0891e-06   1.7000e-08   1.7000e-09   5.4076e-06   5.4076e-07


   1.7990e-01   2.1234e+00   5.5000e+01   2.4649e-08   3.2139e-03   2.3900e-08   2.2800e-08   3.1163e-03   2.9729e-03
   1.9466e-01   2.1382e+00   5.5000e+01   4.1684e-08   3.4906e-03   3.4400e-08   1.9300e-08   2.8806e-03   1.6162e-03
   2.1081e-01   2.1543e+00   5.5000e+01   7.0570e-08   3.8559e-03   7.7500e-08   2.9500e-08   4.2345e-03   1.6118e-03
   2.2557e-01   2.1691e+00   5.5000e+01   1.1044e-07   4.2646e-03   9.8600e-08   1.8800e-08   3.8075e-03   7.2598e-04
   2.4079e-01   2.1843e+00   5.5000e+01   1.7098e-07   4.7856e-03   1.8800e-07   2.4400e-08   5.2621e-03   6.8295e-04
   2.5555e-01   2.1991e+00   5.5000e+01   2.5688e-07   5.4212e-03   2.8800e-07   2.0200e-08   6.0780e-03   4.2631e-04
   2.7077e-01   2.2143e+00   5.5000e+01   3.8685e-07   6.2638e-03   3.6800e-07   2.2100e-08   5.9585e-03   3.5784e-04
   2.7216e-01   2.2157e+00   5.5000e+01   4.0141e-07   6.3524e-03   3.9100e-07   3.1300e-08   6.1876e-03   4.9532e-04
   2.7954e-01   2.2230e+00   5.5000e+01   4.8868e-07   6.8655e-03   4.6500e-07   3.7200e-08   6.5328e-03   5.2262e-04
   2.8599e-01   2.2295e+00   5.5000e+01   5.8053e-07   7.3792e-03   5.7400e-07   3.4400e-08   7.2962e-03   4.3726e-04
   2.8738e-01   2.2309e+00   5.5000e+01   6.0239e-07   7.4982e-03   6.1200e-07   4.9000e-08   7.6178e-03   6.0992e-04
   2.9337e-01   2.2369e+00   5.5000e+01   7.0743e-07   8.0555e-03   6.7900e-07   4.0800e-08   7.7319e-03   4.6460e-04
   2.9476e-01   2.2383e+00   5.5000e+01   7.3427e-07   8.1946e-03   7.5600e-07   6.0500e-08   8.4371e-03   6.7519e-04
   2.9891e-01   2.2424e+00   5.5000e+01   8.2143e-07   8.6380e-03   7.7500e-07   6.2000e-08   8.1498e-03   6.5198e-04
   3.0168e-01   2.2452e+00   5.5000e+01   8.8560e-07   8.9574e-03   8.6100e-07   4.3100e-08   8.7086e-03   4.3593e-04
   3.0260e-01   2.2461e+00   5.5000e+01   9.0817e-07   9.0684e-03   8.6100e-07   6.0300e-08   8.5974e-03   6.0212e-04
   3.0629e-01   2.2498e+00   5.5000e+01   1.0048e-06   9.5373e-03   1.0200e-06   7.1700e-08   9.6812e-03   6.8053e-04
   3.0906e-01   2.2526e+00   5.5000e+01   1.0847e-06   9.9170e-03   1.0600e-06   4.2500e-08   9.6914e-03   3.8857e-04
   3.0998e-01   2.2535e+00   5.5000e+01   1.1128e-06   1.0049e-02   1.0500e-06   7.3700e-08   9.4821e-03   6.6555e-04
   3.1552e-01   2.2590e+00   5.5000e+01   1.2996e-06   1.0911e-02   1.3400e-06   8.0400e-08   1.1251e-02   6.7503e-04
   3.2474e-01   2.2683e+00   5.5000e+01   1.6945e-06   1.2656e-02   1.6600e-06   6.6200e-08   1.2399e-02   4.9446e-04
   3.3120e-01   2.2747e+00   5.5000e+01   2.0534e-06   1.4176e-02   2.0200e-06   8.0800e-08   1.3946e-02   5.5783e-04
   3.3304e-01   2.2766e+00   5.5000e+01   2.1717e-06   1.4667e-02   2.0500e-06   1.2200e-07   1.3845e-02   8.2392e-04
   3.3950e-01   2.2830e+00   5.5000e+01   2.6548e-06   1.6624e-02   2.5800e-06   1.0300e-07   1.6156e-02   6.4498e-04
   3.4042e-01   2.2839e+00   5.5000e+01   2.7338e-06   1.6938e-02   2.5500e-06   1.5300e-07   1.5799e-02   9.4797e-04
   3.4734e-01   2.2909e+00   5.5000e+01   3.4270e-06   1.9639e-02   3.1700e-06   1.2600e-07   1.8166e-02   7.2205e-04
   3.4827e-01   2.2918e+00   5.5000e+01   3.5349e-06   2.0051e-02   3.2200e-06   1.9300e-07   1.8265e-02   1.0947e-03
   3.5611e-01   2.2996e+00   5.5000e+01   4.6444e-06   2.4195e-02   4.0900e-06   2.0500e-07   2.1307e-02   1.0679e-03
   3.6349e-01   2.3070e+00   5.5000e+01   6.1154e-06   2.9487e-02   5.8400e-06   2.9200e-07   2.8159e-02   1.4079e-03
   3.7087e-01   2.3144e+00   5.5000e+01   8.2319e-06   3.6830e-02   7.7700e-06   3.8800e-07   3.4764e-02   1.7359e-03
   3.7871e-01   2.3222e+00   5.5000e+01   1.1634e-05   4.8201e-02   1.0900e-05   5.4500e-07   4.5158e-02   2.2579e-03
   3.8655e-01   2.3301e+00   5.5000e+01   1.7094e-05   6.5746e-02   1.5700e-05   7.8500e-07   6.0386e-02   3.0193e-03
   3.9393e-01   2.3374e+00   5.5000e+01   2.5625e-05   9.2106e-02   2.3500e-05   1.1800e-06   8.4467e-02   4.2413e-03
   4.0131e-01   2.3448e+00   5.5000e+01   4.0156e-05   1.3516e-01   3.8800e-05   1.9400e-06   1.3060e-01   6.5298e-03
   4.0593e-01   2.3494e+00   5.5000e+01   5.4064e-05   1.7483e-01   4.7300e-05   1.4200e-06   1.5296e-01   4.5919e-03
   4.0906e-01   2.3526e+00   5.5000e+01   6.6167e-05   2.0831e-01   6.4700e-05   3.2300e-06   2.0369e-01   1.0169e-02
   4.1054e-01   2.3540e+00   5.5000e+01   7.2572e-05   2.2563e-01   6.7900e-05   2.0400e-06   2.1111e-01   6.3425e-03
   4.1303e-01   2.3565e+00   5.5000e+01   8.4110e-05   2.5609e-01   7.8700e-05   2.3600e-06   2.3962e-01   7.1855e-03
   4.1515e-01   2.3587e+00   5.5000e+01   9.4125e-05   2.8156e-01   9.1900e-05   2.7600e-06   2.7491e-01   8.2562e-03
   4.1774e-01   2.3612e+00   5.5000e+01   1.0530e-04   3.0837e-01   1.0100e-04   3.0500e-06   2.9576e-01   8.9314e-03
   4.2004e-01   2.3636e+00   5.5000e+01   1.1290e-04   3.2444e-01   1.0800e-04   3.2300e-06   3.1036e-01   9.2820e-03
   4.2244e-01   2.3660e+00   5.5000e+01   1.1699e-04   3.2974e-01   1.1900e-04   3.5700e-06   3.3539e-01   1.0062e-02
   4.2475e-01   2.3683e+00   5.5000e+01   1.1658e-04   3.2254e-01   1.2400e-04   3.7300e-06   3.4308e-01   1.0320e-02
   4.2715e-01   2.3707e+00   5.5000e+01   1.1186e-04   3.0366e-01   1.1900e-04   3.5600e-06   3.2303e-01   9.6638e-03
   4.2954e-01   2.3731e+00   5.5000e+01   1.0390e-04   2.7676e-01   1.1300e-04   3.3900e-06   3.0101e-01   9.0302e-03
   4.3176e-01   2.3753e+00   5.5000e+01   9.4920e-05   2.4851e-01   1.0200e-04   3.0800e-06   2.6705e-01   8.0639e-03
   4.3425e-01   2.3778e+00   5.5000e+01   8.4266e-05   2.1641e-01   8.9900e-05   2.7000e-06   2.3088e-01   6.9341e-03
   4.3895e-01   2.3825e+00   5.5000e+01   6.5645e-05   1.6265e-01   7.0600e-05   2.1100e-06   1.7492e-01   5.2278e-03
   4.4375e-01   2.3873e+00   5.5000e+01   5.0638e-05   1.2103e-01   4.9800e-05   1.4900e-06   1.1903e-01   3.5613e-03
   4.4836e-01   2.3919e+00   5.5000e+01   3.9911e-05   9.2207e-02   4.2200e-05   1.2600e-06   9.7496e-02   2.9110e-03
   4.5298e-01   2.3965e+00   5.5000e+01   3.1995e-05   7.1490e-02   3.4000e-05   1.0200e-06   7.5971e-02   2.2791e-03
   4.5759e-01   2.4011e+00   5.5000e+01   2.6112e-05   5.6461e-02   2.5500e-05   7.6600e-07   5.5138e-02   1.6563e-03
   4.6220e-01   2.4057e+00   5.5000e+01   2.1676e-05   4.5380e-02   2.1100e-05   6.3400e-07   4.4174e-02   1.3273e-03
   4.6728e-01   2.4108e+00   5.5000e+01   1.7977e-05   3.6345e-02   1.8100e-05   5.4300e-07   3.6593e-02   1.0978e-03
   4.7235e-01   2.4159e+00   5.5000e+01   1.5156e-05   2.9608e-02   1.5200e-05   4.5600e-07   2.9694e-02   8.9082e-04
   4.7696e-01   2.4205e+00   5.5000e+01   1.3139e-05   2.4893e-02   1.3200e-05   5.2800e-07   2.5009e-02   1.0003e-03
   4.8158e-01   2.4251e+00   5.5000e+01   1.1510e-05   2.1158e-02   1.1100e-05   4.4400e-07   2.0405e-02   8.1621e-04
   4.8619e-01   2.4297e+00   5.5000e+01   1.0175e-05   1.8158e-02   1.0100e-05   4.0600e-07   1.8024e-02   7.2452e-04
   4.9080e-01   2.4343e+00   5.5000e+01   9.0688e-06   1.5718e-02   8.7100e-06   3.4800e-07   1.5096e-02   6.0314e-04
   4.9541e-01   2.4389e+00   5.5000e+01   8.1413e-06   1.3710e-02   8.0400e-06   3.2200e-07   1.3539e-02   5.4225e-04
   5.0003e-01   2.4435e+00   5.5000e+01   7.3559e-06   1.2041e-02   6.7900e-06   2.7200e-07   1.1115e-02   4.4526e-04
   5.0464e-01   2.4482e+00   5.5000e+01   6.6847e-06   1.0642e-02   6.3200e-06   2.5300e-07   1.0061e-02   4.0276e-04
   5.0971e-01   2.4532e+00   5.5000e+01   6.0530e-06   9.3494e-03   5.8400e-06   2.3300e-07   9.0204e-03   3.5989e-04
   5.1479e-01   2.4583e+00   5.5000e+01   5.5119e-06   8.2646e-03   5.2600e-06   2.1100e-07   7.8868e-03   3.1637e-04
   5.1940e-01   2.4629e+00   5.5000e+01   5.0844e-06   7.4236e-03   4.7800e-06   1.9100e-07   6.9791e-03   2.7887e-04
   5.2401e-01   2.4675e+00   5.5000e+01   4.7080e-06   6.6963e-03   4.5000e-06   1.8000e-07   6.4005e-03   2.5602e-04
   5.2863e-01   2.4721e+00   5.5000e+01   4.3745e-06   6.0635e-03   3.9200e-06   1.5700e-07   5.4335e-03   2.1762e-04
   5.3324e-01   2.4767e+00   5.5000e+01   4.0777e-06   5.5101e-03   3.8300e-06   1.5300e-07   5.1754e-03   2.0675e-04
   5.3785e-01   2.4814e+00   5.5000e+01   3.8121e-06   5.0237e-03   3.4400e-06   1.3800e-07   4.5333e-03   1.8186e-04
   5.4247e-01   2.4860e+00   5.5000e+01   3.5734e-06   4.5942e-03   3.2300e-06   1.2900e-07   4.1527e-03   1.6585e-04
   5.4708e-01   2.4906e+00   5.5000e+01   3.3581e-06   4.2134e-03   2.9800e-06   1.1900e-07   3.7391e-03   1.4931e-04
   5.5723e-01   2.5007e+00   5.5000e+01   2.9521e-06   3.5149e-03   2.6500e-06   1.0600e-07   3.1553e-03   1.2621e-04
   5.6645e-01   2.5100e+00   5.5000e+01   2.6477e-06   3.0100e-03   2.4000e-06   9.5700e-08   2.7284e-03   1.0879e-04
   5.7568e-01   2.5192e+00   5.5000e+01   2.3911e-06   2.5986e-03   2.3300e-06   9.3400e-08   2.5322e-03   1.0150e-04
   5.8490e-01   2.5284e+00   5.5000e+01   2.1725e-06   2.2598e-03   1.7700e-06   8.8500e-08   1.8411e-03   9.2055e-05
   5.9505e-01   2.5386e+00   5.5000e+01   1.9672e-06   1.9525e-03   1.7400e-06   8.7100e-08   1.7270e-03   8.6449e-05
   6.0382e-01   2.5473e+00   5.5000e+01   1.8140e-06   1.7309e-03   1.6000e-06   7.9900e-08   1.5267e-03   7.6238e-05
   6.1350e-01   2.5570e+00   5.5000e+01   1.6660e-06   1.5236e-03   1.4100e-06   7.0300e-08   1.2894e-03   6.4289e-05
   6.2273e-01   2.5662e+00   5.5000e+01   1.5424e-06   1.3560e-03   1.3900e-06   6.9400e-08   1.2220e-03   6.1014e-05
   6.3195e-01   2.5755e+00   5.5000e+01   1.4330e-06   1.2124e-03   1.1200e-06   5.6000e-08   9.4754e-04   4.7377e-05


   1.4244e-01   2.0860e+00   9.0000e+01   3.9796e-10   2.1840e-04   3.3200e-10   2.0100e-10   1.8221e-04   1.1031e-04
   1.8968e-01   2.1332e+00   9.0000e+01   2.8386e-09   2.7433e-04   2.5400e-09   5.0700e-10   2.4547e-04   4.8998e-05
   2.0905e-01   2.1526e+00   9.0000e+01   5.3895e-09   3.0766e-04   4.0100e-09   8.0400e-10   2.2891e-04   4.5897e-05
   2.3387e-01   2.1774e+00   9.0000e+01   1.1309e-08   3.6489e-04   9.6600e-09   1.9100e-09   3.1167e-04   6.1625e-05
   2.4429e-01   2.1878e+00   9.0000e+01   1.5157e-08   3.9575e-04   1.3000e-08   2.5800e-09   3.3942e-04   6.7363e-05
   2.6007e-01   2.2036e+00   9.0000e+01   2.3298e-08   4.5329e-04   2.7100e-08   5.4500e-09   5.2727e-04   1.0604e-04
   2.8074e-01   2.2242e+00   9.0000e+01   4.0404e-08   5.5703e-04   4.0100e-08   8.0400e-09   5.5284e-04   1.1084e-04
   2.8978e-01   2.2333e+00   9.0000e+01   5.1390e-08   6.1707e-04   5.1200e-08   1.0500e-08   6.1479e-04   1.2608e-04
   2.9762e-01   2.2411e+00   9.0000e+01   6.3412e-08   6.7919e-04   6.9000e-08   1.3400e-08   7.3904e-04   1.4352e-04
   3.0795e-01   2.2515e+00   9.0000e+01   8.4014e-08   7.7965e-04   8.4500e-08   1.7200e-08   7.8416e-04   1.5962e-04
   3.1838e-01   2.2619e+00   9.0000e+01   1.1247e-07   9.1010e-04   1.1200e-07   2.2000e-08   9.0633e-04   1.7803e-04
   3.2742e-01   2.2709e+00   9.0000e+01   1.4617e-07   1.0564e-03   1.4900e-07   2.9700e-08   1.0769e-03   2.1465e-04
   3.3655e-01   2.2801e+00   9.0000e+01   1.9274e-07   1.2489e-03   1.8800e-07   3.7300e-08   1.2183e-03   2.4171e-04
   3.4439e-01   2.2879e+00   9.0000e+01   2.4739e-07   1.4652e-03   2.6400e-07   5.2600e-08   1.5636e-03   3.1154e-04
   3.5482e-01   2.2983e+00   9.0000e+01   3.5268e-07   1.8628e-03   3.8600e-07   7.7500e-08   2.0388e-03   4.0935e-04
   3.6395e-01   2.3075e+00   9.0000e+01   4.9474e-07   2.3742e-03   5.1200e-07   1.0500e-07   2.4570e-03   5.0388e-04
   3.7299e-01   2.3165e+00   9.0000e+01   7.1542e-07   3.1341e-03   6.4500e-07   1.2400e-07   2.8256e-03   5.4322e-04
   3.8222e-01   2.3257e+00   9.0000e+01   1.0907e-06   4.3695e-03   9.8600e-07   2.0100e-07   3.9503e-03   8.0528e-04
   3.9135e-01   2.3349e+00   9.0000e+01   1.7545e-06   6.4560e-03   1.3800e-06   2.7700e-07   5.0780e-03   1.0193e-03
   3.9947e-01   2.3430e+00   9.0000e+01   2.8332e-06   9.6924e-03   2.6400e-06   5.2600e-07   9.0313e-03   1.7994e-03
   4.0749e-01   2.3510e+00   9.0000e+01   4.7395e-06   1.5121e-02   4.9200e-06   9.5700e-07   1.5697e-02   3.0533e-03
   4.1801e-01   2.3615e+00   9.0000e+01   8.4173e-06   2.4593e-02   7.4900e-06   1.5300e-06   2.1884e-02   4.4702e-03
   4.3213e-01   2.3756e+00   9.0000e+01   7.3802e-06   1.9267e-02   9.0500e-06   1.8200e-06   2.3626e-02   4.7514e-03
   4.3582e-01   2.3793e+00   9.0000e+01   6.1422e-06   1.5586e-02   7.0900e-06   1.4400e-06   1.7991e-02   3.6539e-03
   4.4200e-01   2.3855e+00   9.0000e+01   4.3951e-06   1.0643e-02   5.6300e-06   1.1500e-06   1.3633e-02   2.7848e-03
   4.4569e-01   2.3892e+00   9.0000e+01   3.6125e-06   8.5114e-03   4.4700e-06   8.9000e-07   1.0532e-02   2.0969e-03
   4.5556e-01   2.3991e+00   9.0000e+01   2.2491e-06   4.9336e-03   2.7100e-06   5.4500e-07   5.9446e-03   1.1955e-03
   4.6423e-01   2.4077e+00   9.0000e+01   1.5835e-06   3.2690e-03   1.7800e-06   3.5400e-07   3.6745e-03   7.3078e-04
   4.8785e-01   2.4314e+00   9.0000e+01   7.6853e-07   1.3570e-03   7.1600e-07   1.4400e-07   1.2643e-03   2.5427e-04
   5.1054e-01   2.4541e+00   9.0000e+01   4.6902e-07   7.2090e-04   4.8300e-07   9.5700e-08   7.4240e-04   1.4710e-04
   5.3444e-01   2.4779e+00   9.0000e+01   3.1501e-07   4.2289e-04   2.9700e-07   5.9300e-08   3.9871e-04   7.9608e-05
   5.5732e-01   2.5008e+00   9.0000e+01   2.3174e-07   2.7580e-04   2.3500e-07   4.6900e-08   2.7967e-04   5.5816e-05
   5.8131e-01   2.5248e+00   9.0000e+01   1.7706e-07   1.8733e-04   1.7700e-07   3.5400e-08   1.8726e-04   3.7452e-05
   6.0418e-01   2.5477e+00   9.0000e+01   1.4204e-07   1.3531e-04   1.4600e-07   2.9700e-08   1.3908e-04   2.8292e-05
   6.2679e-01   2.5703e+00   9.0000e+01   1.1732e-07   1.0140e-04   8.2600e-08   1.6300e-08   7.1393e-05   1.4088e-05
   6.4985e-01   2.5934e+00   9.0000e+01   9.8621e-08   7.7646e-05   1.0100e-07   2.0100e-08   7.9520e-05   1.5825e-05
   6.7006e-01   2.6136e+00   9.0000e+01   8.5980e-08   6.2662e-05   7.3000e-08   1.4400e-08   5.3202e-05   1.0495e-05
   6.9413e-01   2.6376e+00   9.0000e+01   7.4164e-08   4.9545e-05   6.4600e-08   1.2400e-08   4.3156e-05   8.2838e-06
   7.1831e-01   2.6618e+00   9.0000e+01   6.4914e-08   3.9938e-05   5.2600e-08   1.0500e-08   3.2362e-05   6.4601e-06
   7.3999e-01   2.6835e+00   9.0000e+01   5.8290e-08   3.3441e-05   5.4100e-08   1.0500e-08   3.1037e-05   6.0238e-06
   7.8685e-01   2.7304e+00   9.0000e+01   4.7861e-08   2.3876e-05   3.6000e-08   7.1800e-09   1.7959e-05   3.5818e-06
   8.3160e-01   2.7751e+00   9.0000e+01   4.1412e-08   1.8311e-05   4.2300e-08   8.4200e-09   1.8703e-05   3.7230e-06
   8.7846e-01   2.8220e+00   9.0000e+01   3.7211e-08   1.4667e-05   2.5500e-08   7.6500e-09   1.0051e-05   3.0154e-06
   9.2413e-01   2.8676e+00   9.0000e+01   3.5005e-08   1.2459e-05   1.7900e-08   7.1800e-09   6.3707e-06   2.5554e-06
   9.6989e-01   2.9134e+00   9.0000e+01   3.4306e-08   1.1117e-05   1.4600e-08   5.8400e-09   4.7309e-06   1.8924e-06
   1.0148e+00   2.9583e+00   9.0000e+01   3.4911e-08   1.0393e-05   2.2500e-08   4.5000e-09   6.6979e-06   1.3396e-06
   1.0620e+00   3.0055e+00   9.0000e+01   3.6863e-08   1.0108e-05   2.0500e-08   4.1100e-09   5.6214e-06   1.1270e-06
   1.1067e+00   3.0502e+00   9.0000e+01   4.0035e-08   1.0214e-05   2.5400e-08   5.0700e-09   6.4802e-06   1.2935e-06
   1.1555e+00   3.0990e+00   9.0000e+01   4.5232e-08   1.0728e-05   4.0200e-08   8.0400e-09   9.5343e-06   1.9069e-06
   1.2458e+00   3.1893e+00   9.0000e+01   6.2164e-08   1.3059e-05   3.0500e-08   9.1900e-09   6.4070e-06   1.9305e-06
   1.2923e+00   3.2358e+00   9.0000e+01   7.7668e-08   1.5420e-05   7.0700e-08   1.4400e-08   1.4036e-05   2.8589e-06
   1.3379e+00   3.2814e+00   9.0000e+01   1.0239e-07   1.9301e-05   4.2800e-08   1.2400e-08   8.0681e-06   2.3375e-06
   1.3844e+00   3.3279e+00   9.0000e+01   1.4853e-07   2.6643e-05   1.0300e-07   2.1100e-08   1.8476e-05   3.7849e-06
   1.4063e+00   3.3498e+00   9.0000e+01   1.8534e-07   3.2513e-05   1.3900e-07   2.7700e-08   2.4384e-05   4.8592e-06
   1.4292e+00   3.3727e+00   9.0000e+01   2.4475e-07   4.1969e-05   1.5200e-07   3.0600e-08   2.6065e-05   5.2473e-06
   1.4524e+00   3.3959e+00   9.0000e+01   3.4508e-07   5.7872e-05   1.9200e-07   3.8300e-08   3.2200e-05   6.4232e-06
   1.4731e+00   3.4167e+00   9.0000e+01   5.0562e-07   8.3168e-05   3.7800e-07   7.5600e-08   6.2176e-05   1.2435e-05
   1.4976e+00   3.4411e+00   9.0000e+01   8.9966e-07   1.4474e-04   5.3000e-07   1.0500e-07   8.5265e-05   1.6892e-05
   1.5197e+00   3.4632e+00   9.0000e+01   1.7683e-06   2.7898e-04   1.0300e-06   2.1100e-07   1.6250e-04   3.3289e-05
   1.5315e+00   3.4750e+00   9.0000e+01   2.6485e-06   4.1364e-04   1.3900e-06   2.7700e-07   2.1709e-04   4.3262e-05
   1.5445e+00   3.4880e+00   9.0000e+01   3.9312e-06   6.0722e-04   2.0800e-06   4.1100e-07   3.2128e-04   6.3484e-05
   1.5496e+00   3.4931e+00   9.0000e+01   4.3359e-06   6.6683e-04   2.4500e-06   4.8800e-07   3.7679e-04   7.5051e-05
   1.5600e+00   3.5036e+00   9.0000e+01   4.4236e-06   6.7443e-04   3.6700e-06   7.3700e-07   5.5954e-04   1.1237e-04
   1.5678e+00   3.5113e+00   9.0000e+01   3.8518e-06   5.8352e-04   4.0400e-06   8.0400e-07   6.1203e-04   1.2180e-04
   1.5768e+00   3.5204e+00   9.0000e+01   2.9642e-06   4.4576e-04   4.4400e-06   8.9000e-07   6.6769e-04   1.3384e-04
   1.5906e+00   3.5341e+00   9.0000e+01   1.8835e-06   2.8013e-04   3.2500e-06   6.5100e-07   4.8336e-04   9.6821e-05
   1.5956e+00   3.5391e+00   9.0000e+01   1.6076e-06   2.3814e-04   2.7700e-06   5.5500e-07   4.1034e-04   8.2217e-05
   1.6056e+00   3.5491e+00   9.0000e+01   1.1946e-06   1.7557e-04   1.9400e-06   3.9200e-07   2.8512e-04   5.7612e-05
   1.6130e+00   3.5565e+00   9.0000e+01   9.8118e-07   1.4337e-04   1.4200e-06   2.8700e-07   2.0750e-04   4.1938e-05
   1.6369e+00   3.5804e+00   9.0000e+01   5.8025e-07   8.3251e-05   8.4800e-07   1.7200e-07   1.2167e-04   2.4678e-05
   1.6608e+00   3.6043e+00   9.0000e+01   3.9272e-07   5.5351e-05   4.7300e-07   9.4700e-08   6.6666e-05   1.3347e-05
   1.7063e+00   3.6498e+00   9.0000e+01   2.3852e-07   3.2540e-05   2.6400e-07   5.2600e-08   3.6016e-05   7.1760e-06
   1.7520e+00   3.6955e+00   9.0000e+01   1.7665e-07   2.3361e-05   1.8800e-07   3.7300e-08   2.4862e-05   4.9327e-06
   1.7992e+00   3.7427e+00   9.0000e+01   1.4699e-07   1.8856e-05   1.7300e-07   3.4400e-08   2.2192e-05   4.4127e-06
   1.8436e+00   3.7871e+00   9.0000e+01   1.3291e-07   1.6590e-05   1.3300e-07   2.6800e-08   1.6601e-05   3.3452e-06
   1.8894e+00   3.8329e+00   9.0000e+01   1.2552e-07   1.5252e-05   1.1700e-07   2.3000e-08   1.4216e-05   2.7947e-06
   1.9354e+00   3.8789e+00   9.0000e+01   1.2227e-07   1.4479e-05   1.4400e-07   2.8700e-08   1.7053e-05   3.3987e-06
   2.0260e+00   3.9695e+00   9.0000e+01   1.2246e-07   1.3832e-05   1.4400e-07   2.8700e-08   1.6265e-05   3.2417e-06
   2.1178e+00   4.0613e+00   9.0000e+01   1.2739e-07   1.3772e-05   1.4700e-07   2.9700e-08   1.5892e-05   3.2109e-06
   2.2096e+00   4.1531e+00   9.0000e+01   1.3480e-07   1.4001e-05   1.4400e-07   2.8700e-08   1.4956e-05   2.9808e-06
   2.3003e+00   4.2438e+00   9.0000e+01   1.4358e-07   1.4379e-05   1.7200e-07   3.4400e-08   1.7225e-05   3.4449e-06
   1.3663e-01   2.0801e+00   0.0000e+00   2.8397e-10   2.0570e-04   2.3500e-10   1.4400e-10   1.7022e-04   1.0431e-04
   1.8221e-01   2.1257e+00   0.0000e+00   2.1365e-09   2.5898e-04   2.5500e-09   5.0700e-10   3.0911e-04   6.1458e-05
   2.0001e-01   2.1435e+00   0.0000e+00   3.9866e-09   2.8803e-04   3.9000e-09   7.8500e-10   2.8177e-04   5.6716e-05
   2.2796e-01   2.1715e+00   0.0000e+00   9.5253e-09   3.4884e-04   9.8600e-09   2.0100e-09   3.6110e-04   7.3612e-05
   2.3811e-01   2.1816e+00   0.0000e+00   1.2771e-08   3.7735e-04   1.3000e-08   2.5800e-09   3.8412e-04   7.6233e-05
   2.5712e-01   2.2006e+00   0.0000e+00   2.1653e-08   4.4415e-04   2.7100e-08   5.4500e-09   5.5588e-04   1.1179e-04
   2.7492e-01   2.2184e+00   0.0000e+00   3.4992e-08   5.2926e-04   4.0800e-08   8.1300e-09   6.1710e-04   1.2297e-04
   2.8387e-01   2.2274e+00   0.0000e+00   4.4463e-08   5.8383e-04   5.0700e-08   1.0500e-08   6.6573e-04   1.3787e-04
   2.9144e-01   2.2349e+00   0.0000e+00   5.4473e-08   6.3819e-04   6.8500e-08   1.3400e-08   8.0252e-04   1.5699e-04
   3.0297e-01   2.2465e+00   0.0000e+00   7.4488e-08   7.3999e-04   8.4000e-08   1.7200e-08   8.3449e-04   1.7087e-04
   3.1183e-01   2.2553e+00   0.0000e+00   9.5188e-08   8.3877e-04   1.1400e-07   2.3000e-08   1.0045e-03   2.0267e-04
   3.1948e-01   2.2630e+00   0.0000e+00   1.1827e-07   9.4366e-04   1.3000e-07   2.5800e-08   1.0372e-03   2.0585e-04
   3.2963e-01   2.2731e+00   0.0000e+00   1.5930e-07   1.1208e-03   1.8600e-07   3.7300e-08   1.3086e-03   2.6242e-04
   3.3978e-01   2.2833e+00   0.0000e+00   2.1791e-07   1.3602e-03   2.6000e-07   5.1700e-08   1.6229e-03   3.2271e-04
   3.4864e-01   2.2921e+00   0.0000e+00   2.9128e-07   1.6455e-03   3.7100e-07   7.4600e-08   2.0959e-03   4.2143e-04
   3.5758e-01   2.3011e+00   0.0000e+00   3.9878e-07   2.0451e-03   5.1600e-07   1.0500e-07   2.6463e-03   5.3849e-04
   3.6515e-01   2.3087e+00   0.0000e+00   5.3106e-07   2.5173e-03   6.9600e-07   1.4400e-07   3.2992e-03   6.8259e-04
   3.7659e-01   2.3201e+00   0.0000e+00   8.5926e-07   3.6338e-03   9.9500e-07   2.0100e-07   4.2078e-03   8.5002e-04
   3.8545e-01   2.3290e+00   0.0000e+00   1.3138e-06   5.1059e-03   1.4000e-06   2.7700e-07   5.4407e-03   1.0765e-03
   3.9559e-01   2.3391e+00   0.0000e+00   2.2975e-06   8.1353e-03   2.6100e-06   5.2600e-07   9.2420e-03   1.8626e-03
   4.0436e-01   2.3479e+00   0.0000e+00   3.9705e-06   1.3015e-02   4.8200e-06   9.5700e-07   1.5799e-02   3.1368e-03
   4.1192e-01   2.3554e+00   0.0000e+00   6.4127e-06   1.9707e-02   7.5700e-06   1.5300e-06   2.3263e-02   4.7018e-03
   4.2087e-01   2.3644e+00   0.0000e+00   9.3263e-06   2.6621e-02   9.4200e-06   1.9100e-06   2.6888e-02   5.4519e-03
   4.3240e-01   2.3759e+00   0.0000e+00   7.4804e-06   1.9487e-02   7.3700e-06   1.4400e-06   1.9199e-02   3.7513e-03
   4.3508e-01   2.3786e+00   0.0000e+00   6.5533e-06   1.6723e-02   5.6100e-06   1.1500e-06   1.4316e-02   2.9346e-03
   4.4274e-01   2.3862e+00   0.0000e+00   4.3349e-06   1.0440e-02   4.5100e-06   8.9900e-07   1.0861e-02   2.1650e-03
   4.5058e-01   2.3941e+00   0.0000e+00   2.9017e-06   6.5967e-03   2.5700e-06   5.1700e-07   5.8427e-03   1.1754e-03
   4.5962e-01   2.4031e+00   0.0000e+00   1.9435e-06   4.1428e-03   1.6600e-06   3.3500e-07   3.5385e-03   7.1409e-04
   4.8287e-01   2.4264e+00   0.0000e+00   8.9671e-07   1.6347e-03   7.3400e-07   1.4400e-07   1.3381e-03   2.6251e-04
   5.0602e-01   2.4495e+00   0.0000e+00   5.2307e-07   8.2583e-04   4.1400e-07   8.3200e-08   6.5363e-04   1.3136e-04
   5.2780e-01   2.4713e+00   0.0000e+00   3.5523e-07   4.9467e-04   3.1500e-07   6.3200e-08   4.3864e-04   8.8006e-05
   5.5215e-01   2.4957e+00   0.0000e+00   2.5095e-07   3.0667e-04   2.3100e-07   4.5900e-08   2.8229e-04   5.6091e-05
   5.7522e-01   2.5187e+00   0.0000e+00   1.9092e-07   2.0795e-04   1.8800e-07   3.7300e-08   2.0477e-04   4.0627e-05
   5.9828e-01   2.5418e+00   0.0000e+00   1.5093e-07   1.4762e-04   1.4800e-07   2.9700e-08   1.4476e-04   2.9050e-05
   6.2144e-01   2.5649e+00   0.0000e+00   1.2270e-07   1.0846e-04   8.2800e-08   3.3500e-08   7.3193e-05   2.9613e-05
   6.4570e-01   2.5892e+00   0.0000e+00   1.0119e-07   8.0989e-05   1.1300e-07   2.3000e-08   9.0437e-05   1.8407e-05
   6.6747e-01   2.6110e+00   0.0000e+00   8.6623e-08   6.3743e-05   8.9800e-08   1.8200e-08   6.6081e-05   1.3393e-05
   6.9183e-01   2.6353e+00   0.0000e+00   7.4016e-08   4.9849e-05   7.8300e-08   1.5300e-08   5.2734e-05   1.0304e-05
   7.1360e-01   2.6571e+00   0.0000e+00   6.5167e-08   4.0726e-05   8.1500e-08   1.6300e-08   5.0934e-05   1.0187e-05
   7.3547e-01   2.6790e+00   0.0000e+00   5.8017e-08   3.3763e-05   5.2000e-08   1.0500e-08   3.0262e-05   6.1105e-06
   7.8399e-01   2.7275e+00   0.0000e+00   4.6627e-08   2.3450e-05   5.2000e-08   1.0500e-08   2.6152e-05   5.2807e-06
   8.2763e-01   2.7711e+00   0.0000e+00   4.0086e-08   1.7907e-05   3.9500e-08   7.9400e-09   1.7645e-05   3.5469e-06
   8.7505e-01   2.8186e+00   0.0000e+00   3.5715e-08   1.4191e-05   2.3500e-08   1.1500e-08   9.3374e-06   4.5694e-06
   9.2099e-01   2.8645e+00   0.0000e+00   3.3511e-08   1.2007e-05   4.1100e-08   8.2300e-09   1.4727e-05   2.9489e-06
   9.6712e-01   2.9106e+00   0.0000e+00   3.2896e-08   1.0718e-05   2.8100e-08   5.6500e-09   9.1552e-06   1.8408e-06
   1.0132e+00   2.9567e+00   0.0000e+00   3.3650e-08   1.0047e-05   2.7700e-08   5.5500e-09   8.2708e-06   1.6572e-06
   1.0592e+00   3.0027e+00   0.0000e+00   3.5667e-08   9.8259e-06   2.5500e-08   5.0700e-09   7.0250e-06   1.3967e-06
   1.1052e+00   3.0487e+00   0.0000e+00   3.8954e-08   9.9610e-06   3.1300e-08   6.2200e-09   8.0038e-06   1.5905e-06
   1.1538e+00   3.0973e+00   0.0000e+00   4.3941e-08   1.0448e-05   3.8400e-08   7.6500e-09   9.1304e-06   1.8189e-06
   1.2446e+00   3.1881e+00   0.0000e+00   5.9005e-08   1.2413e-05   3.9400e-08   7.8500e-09   8.2890e-06   1.6515e-06
   1.2906e+00   3.2341e+00   0.0000e+00   7.1187e-08   1.4162e-05   5.7800e-08   1.1500e-08   1.1499e-05   2.2879e-06
   1.3352e+00   3.2787e+00   0.0000e+00   8.8490e-08   1.6730e-05   8.3500e-08   1.6300e-08   1.5787e-05   3.0817e-06
   1.3825e+00   3.3261e+00   0.0000e+00   1.1806e-07   2.1218e-05   1.1600e-07   2.3000e-08   2.0848e-05   4.1336e-06
   1.4055e+00   3.3490e+00   0.0000e+00   1.4029e-07   2.4629e-05   1.3900e-07   2.7700e-08   2.4402e-05   4.8628e-06
   1.4285e+00   3.3720e+00   0.0000e+00   1.7208e-07   2.9529e-05   1.5900e-07   3.1600e-08   2.7285e-05   5.4226e-06
   1.4503e+00   3.3938e+00   0.0000e+00   2.1751e-07   3.6551e-05   1.8200e-07   3.6400e-08   3.0584e-05   6.1168e-06
   1.4757e+00   3.4192e+00   0.0000e+00   3.0794e-07   5.0531e-05   2.7400e-07   5.4500e-08   4.4962e-05   8.9432e-06
   1.4974e+00   3.4409e+00   0.0000e+00   4.5410e-07   7.3066e-05   3.7900e-07   7.5600e-08   6.0983e-05   1.2164e-05
   1.5191e+00   3.4626e+00   0.0000e+00   7.5078e-07   1.1852e-04   5.7100e-07   1.1500e-07   9.0136e-05   1.8153e-05
   1.5317e+00   3.4752e+00   0.0000e+00   1.0442e-06   1.6305e-04   8.2500e-07   1.6300e-07   1.2882e-04   2.5451e-05
   1.5433e+00   3.4868e+00   0.0000e+00   1.3408e-06   2.0731e-04   8.0300e-07   1.6300e-07   1.2416e-04   2.5203e-05
   1.5483e+00   3.4918e+00   0.0000e+00   1.4202e-06   2.1865e-04   1.1100e-06   2.2000e-07   1.7090e-04   3.3871e-05
   1.5559e+00   3.4994e+00   0.0000e+00   1.3977e-06   2.1384e-04   1.4800e-06   2.9700e-07   2.2642e-04   4.5438e-05
   1.5648e+00   3.5084e+00   0.0000e+00   1.1504e-06   1.7469e-04   1.9500e-06   3.9200e-07   2.9613e-04   5.9530e-05
   1.5764e+00   3.5199e+00   0.0000e+00   7.3293e-07   1.1026e-04   1.6100e-06   3.2500e-07   2.4220e-04   4.8892e-05
   1.5905e+00   3.5340e+00   0.0000e+00   3.8209e-07   5.6831e-05   1.1000e-06   2.2000e-07   1.6361e-04   3.2722e-05
   1.5945e+00   3.5380e+00   0.0000e+00   3.1831e-07   4.7196e-05   8.2500e-07   1.6300e-07   1.2232e-04   2.4168e-05
   1.6035e+00   3.5470e+00   0.0000e+00   2.1237e-07   3.1263e-05   5.4100e-07   1.0500e-07   7.9643e-05   1.5457e-05
   1.6125e+00   3.5561e+00   0.0000e+00   1.4433e-07   2.1098e-05   3.5900e-07   7.1800e-08   5.2478e-05   1.0496e-05
   1.6345e+00   3.5780e+00   0.0000e+00   6.0684e-08   8.7224e-06   1.2300e-07   2.4900e-08   1.7679e-05   3.5790e-06
   1.6565e+00   3.6000e+00   0.0000e+00   2.7820e-08   3.9336e-06   4.4500e-08   8.9000e-09   6.2920e-06   1.2584e-06
   1.7054e+00   3.6489e+00   0.0000e+00   8.1996e-09   1.1193e-06   1.4500e-08   8.7100e-09   1.9794e-06   1.1890e-06
   1.7500e+00   3.6935e+00   0.0000e+00   7.9431e-09   1.0518e-06   2.3700e-08   1.1500e-08   3.1384e-06   1.5229e-06
   1.7961e+00   3.7396e+00   0.0000e+00   1.1745e-08   1.5095e-06   1.7100e-08   8.5200e-09   2.1977e-06   1.0950e-06
   1.8422e+00   3.7857e+00   0.0000e+00   1.6610e-08   2.0750e-06   1.8600e-08   9.2800e-09   2.3236e-06   1.1593e-06
   1.8895e+00   3.8330e+00   0.0000e+00   2.1805e-08   2.6494e-06   1.9000e-08   9.5700e-09   2.3085e-06   1.1628e-06
   1.9328e+00   3.8763e+00   0.0000e+00   2.6482e-08   3.1406e-06   4.8900e-08   9.5700e-09   5.7992e-06   1.1349e-06
   2.0260e+00   3.9695e+00   0.0000e+00   3.6091e-08   4.0765e-06   7.7700e-08   1.5300e-08   8.7763e-06   1.7282e-06
   2.1169e+00   4.0604e+00   0.0000e+00   4.4851e-08   4.8510e-06   6.4100e-08   1.2400e-08   6.9329e-06   1.3411e-06
   2.2078e+00   4.1513e+00   0.0000e+00   5.3122e-08   5.5215e-06   5.9900e-08   1.2400e-08   6.2260e-06   1.2888e-06
   2.3010e+00   4.2446e+00   0.0000e+00   6.1221e-08   6.1291e-06   9.1400e-08   1.8200e-08   9.1505e-06   1.8221e-06


   1.4161e+00   3.3596e+00   0.0000e+00   1.8155e-07   3.1535e-05   7.7700e-08   9.2000e-09   1.3497e-05   1.5981e-06
   1.4161e+00   3.3596e+00   4.5000e+01   2.0515e-07   3.5636e-05   9.1000e-08   7.2000e-09   1.5807e-05   1.2507e-06
   1.4161e+00   3.3596e+00   6.3000e+01   2.1137e-07   3.6715e-05   9.7400e-08   9.6000e-09   1.6919e-05   1.6675e-06
   1.4161e+00   3.3596e+00   9.0000e+01   1.9347e-07   3.3606e-05   1.0200e-07   1.2000e-08   1.7718e-05   2.0844e-06
   1.4161e+00   3.3596e+00   1.1000e+02   1.5852e-07   2.7535e-05   6.4900e-08   1.1000e-08   1.1273e-05   1.9107e-06
   1.4161e+00   3.3596e+00   1.3500e+02   1.0383e-07   1.8036e-05   4.3400e-08   1.0000e-08   7.5387e-06   1.7370e-06


   1.5001e+00   3.4436e+00   0.0000e+00   6.2925e-07   1.0101e-04   3.3200e-07   2.4000e-08   5.3293e-05   3.8525e-06
   1.5001e+00   3.4436e+00   4.5000e+01   8.1238e-07   1.3040e-04   4.7300e-07   2.4000e-08   7.5926e-05   3.8525e-06
   1.5001e+00   3.4436e+00   6.3000e+01   8.9490e-07   1.4365e-04   5.4800e-07   2.7000e-08   8.7965e-05   4.3340e-06
   1.5001e+00   3.4436e+00   9.0000e+01   8.8861e-07   1.4264e-04   6.0900e-07   3.2000e-08   9.7757e-05   5.1366e-06
   1.5001e+00   3.4436e+00   1.1000e+02   7.7007e-07   1.2361e-04   4.0700e-07   3.4000e-08   6.5332e-05   5.4577e-06
   1.5001e+00   3.4436e+00   1.3500e+02   5.5114e-07   8.8470e-05   2.8600e-07   2.9000e-08   4.5909e-05   4.6551e-06


   1.5840e+00   3.5275e+00   0.0000e+00   9.2288e-07   1.3798e-04   1.2900e-06   4.1000e-08   1.9287e-04   6.1299e-06
   1.5840e+00   3.5275e+00   3.0000e+01   1.2067e-06   1.8041e-04   1.7200e-06   1.1000e-07   2.5716e-04   1.6446e-05
   1.5840e+00   3.5275e+00   4.5000e+01   1.4962e-06   2.2369e-04   2.4200e-06   8.3000e-08   3.6181e-04   1.2409e-05
   1.5840e+00   3.5275e+00   7.5000e+01   2.0273e-06   3.0310e-04   3.3300e-06   1.2000e-07   4.9787e-04   1.7941e-05
   1.5840e+00   3.5275e+00   9.0000e+01   2.1344e-06   3.1912e-04   3.4800e-06   1.1000e-07   5.2029e-04   1.6446e-05
   1.5840e+00   3.5275e+00   1.0500e+02   2.0896e-06   3.1241e-04   3.3000e-06   1.0000e-07   4.9338e-04   1.4951e-05
   1.5840e+00   3.5275e+00   1.2000e+02   1.9069e-06   2.8510e-04   2.6500e-06   1.0000e-07   3.9620e-04   1.4951e-05
   1.5840e+00   3.5275e+00   1.3500e+02   1.6389e-06   2.4503e-04   2.3400e-06   1.1000e-07   3.4985e-04   1.6446e-05


   1.6569e+00   3.6004e+00   0.0000e+00   1.0339e-07   1.4613e-05   6.3200e-08   2.4000e-08   8.9330e-06   3.3923e-06
   1.6569e+00   3.6004e+00   4.5000e+01   2.0645e-07   2.9181e-05   2.4800e-07   1.9000e-08   3.5054e-05   2.6856e-06
   1.6569e+00   3.6004e+00   6.3000e+01   2.8447e-07   4.0208e-05   3.6900e-07   2.2000e-08   5.2156e-05   3.1096e-06
   1.6569e+00   3.6004e+00   9.0000e+01   3.7731e-07   5.3331e-05   4.6400e-07   2.7000e-08   6.5584e-05   3.8163e-06
   1.6569e+00   3.6004e+00   1.1000e+02   3.9031e-07   5.5168e-05   4.0100e-07   3.2000e-08   5.6679e-05   4.5230e-06
   1.6569e+00   3.6004e+00   1.3500e+02   3.3458e-07   4.7291e-05   3.0300e-07   2.7000e-08   4.2828e-05   3.8163e-06


   1.7095e+00   3.6530e+00   0.0000e+00   5.0549e-08   6.8807e-06   1.7600e-08   1.5000e-08   2.3957e-06   2.0418e-06
   1.7095e+00   3.6530e+00   1.5000e+01   5.6425e-08   7.6805e-06   2.5400e-08   1.3000e-08   3.4574e-06   1.7695e-06
   1.7095e+00   3.6530e+00   3.0000e+01   7.4219e-08   1.0103e-05   5.2300e-08   1.7000e-08   7.1190e-06   2.3140e-06
   1.7095e+00   3.6530e+00   4.5000e+01   1.0346e-07   1.4083e-05   1.1800e-07   1.5000e-08   1.6062e-05   2.0418e-06
   1.7095e+00   3.6530e+00   7.5000e+01   1.7997e-07   2.4498e-05   1.3700e-07   2.1000e-08   1.8648e-05   2.8585e-06
   1.7095e+00   3.6530e+00   9.0000e+01   2.1091e-07   2.8708e-05   2.0000e-07   2.2000e-08   2.7224e-05   2.9946e-06
   1.7095e+00   3.6530e+00   1.0500e+02   2.2535e-07   3.0675e-05   1.6200e-07   2.8000e-08   2.2051e-05   3.8113e-06
   1.7095e+00   3.6530e+00   1.2000e+02   2.1974e-07   2.9911e-05   1.3700e-07   2.5000e-08   1.8648e-05   3.4030e-06
   1.7095e+00   3.6530e+00   1.3500e+02   1.9752e-07   2.6887e-05   1.8900e-07   3.3000e-08   2.5726e-05   4.4919e-06


