   3.1136e-01   2.2549e+00   8.9091e+01   1.9495e+00   1.7284e+04   1.9541e+00   5.5959e-02   1.7325e+04   4.9612e+02
   3.3941e-01   2.2829e+00   8.9091e+01   1.5957e+00   1.0003e+04   1.6284e+00   4.7471e-02   1.0208e+04   2.9758e+02
   3.6709e-01   2.3106e+00   8.9091e+01   1.2647e+00   5.8778e+03   1.3225e+00   3.3062e-02   6.1463e+03   1.5366e+02
   3.7613e-01   2.3196e+00   8.9091e+01   1.1423e+00   4.8526e+03   1.2040e+00   3.6516e-02   5.1148e+03   1.5512e+02
   3.8572e-01   2.3292e+00   8.9091e+01   9.8851e-01   3.8316e+03   1.0264e+00   3.5628e-02   3.9785e+03   1.3810e+02
   3.9439e-01   2.3379e+00   8.9091e+01   8.1034e-01   2.9005e+03   8.2803e-01   2.5463e-02   2.9639e+03   9.1142e+01
   3.9919e-01   2.3427e+00   8.9091e+01   6.8696e-01   2.3558e+03   7.2440e-01   3.3062e-02   2.4842e+03   1.1338e+02
   4.0371e-01   2.3472e+00   8.9091e+01   5.5086e-01   1.8157e+03   5.6353e-01   2.5463e-02   1.8575e+03   8.3930e+01
   4.0842e-01   2.3519e+00   8.9091e+01   3.9291e-01   1.2438e+03   4.1253e-01   2.0331e-02   1.3059e+03   6.4357e+01
   4.1368e-01   2.3572e+00   8.9091e+01   2.2805e-01   6.9061e+02   2.5167e-01   1.7765e-02   7.6213e+02   5.3797e+01
   4.1746e-01   2.3610e+00   8.9091e+01   1.6351e-01   4.7990e+02   1.7962e-01   1.5297e-02   5.2719e+02   4.4898e+01
   4.2207e-01   2.3656e+00   8.9091e+01   2.1059e-01   5.9529e+02   2.2995e-01   1.6087e-02   6.5004e+02   4.5475e+01
   4.2668e-01   2.3702e+00   8.9091e+01   3.9687e-01   1.0813e+03   4.4214e-01   2.8818e-02   1.2046e+03   7.8515e+01
   4.3167e-01   2.3752e+00   8.9091e+01   6.4732e-01   1.6960e+03   6.3262e-01   3.3062e-02   1.6575e+03   8.6623e+01
   4.3619e-01   2.3797e+00   8.9091e+01   8.3069e-01   2.1019e+03   8.2704e-01   2.6252e-02   2.0927e+03   6.6426e+01
   4.4089e-01   2.3844e+00   8.9091e+01   9.5527e-01   2.3325e+03   9.7508e-01   3.3950e-02   2.3809e+03   8.2897e+01
   4.4569e-01   2.3892e+00   8.9091e+01   1.0272e+00   2.4202e+03   1.0264e+00   2.4574e-02   2.4183e+03   5.7900e+01
   4.5086e-01   2.3944e+00   8.9091e+01   1.0647e+00   2.4156e+03   1.0757e+00   3.3950e-02   2.4407e+03   7.7029e+01
   4.5990e-01   2.4034e+00   8.9091e+01   1.0778e+00   2.2929e+03   1.0955e+00   3.4838e-02   2.3306e+03   7.4118e+01
   4.7835e-01   2.4219e+00   8.9091e+01   1.0328e+00   1.9390e+03   1.0461e+00   3.1384e-02   1.9641e+03   5.8922e+01
   4.9661e-01   2.4401e+00   8.9091e+01   9.6988e-01   1.6212e+03   9.8199e-01   2.8818e-02   1.6415e+03   4.8172e+01
   5.1525e-01   2.4588e+00   8.9091e+01   9.0811e-01   1.3580e+03   9.2573e-01   2.8029e-02   1.3843e+03   4.1914e+01
   5.3389e-01   2.4774e+00   8.9091e+01   8.5215e-01   1.1474e+03   8.1520e-01   2.3785e-02   1.0977e+03   3.2027e+01
   5.6110e-01   2.5046e+00   8.9091e+01   7.8078e-01   9.1162e+02   7.4611e-01   2.4574e-02   8.7114e+02   2.8692e+01
   5.8905e-01   2.5326e+00   8.9091e+01   7.1837e-01   7.3291e+02   6.7900e-01   2.0331e-02   6.9275e+02   2.0742e+01
   2.7409e-01   2.2176e+00   1.4692e+02   7.1295e-01   1.0930e+04   7.5511e-01   1.2796e-02   1.1576e+04   1.9618e+02
   3.1090e-01   2.2544e+00   1.4692e+02   5.2538e-01   4.6865e+03   5.3492e-01   1.0237e-02   4.7716e+03   9.1318e+01
   3.3858e-01   2.2821e+00   1.4692e+02   4.0286e-01   2.5497e+03   4.1502e-01   8.5310e-03   2.6267e+03   5.3992e+01
   3.6626e-01   2.3098e+00   1.4692e+02   2.7260e-01   1.2777e+03   2.7207e-01   5.9717e-03   1.2752e+03   2.7989e+01
   3.7585e-01   2.3194e+00   1.4692e+02   2.2011e-01   9.3756e+02   2.1443e-01   4.2655e-03   9.1335e+02   1.8169e+01
   3.8471e-01   2.3282e+00   1.4692e+02   1.6700e-01   6.5349e+02   1.6370e-01   5.9717e-03   6.4060e+02   2.3368e+01
   3.9412e-01   2.3376e+00   1.4692e+02   1.0989e-01   3.9432e+02   1.1240e-01   5.1186e-03   4.0334e+02   1.8367e+01
   3.9855e-01   2.3421e+00   1.4692e+02   8.8407e-02   3.0491e+02   9.4417e-02   5.9717e-03   3.2564e+02   2.0596e+01
   4.0325e-01   2.3468e+00   1.4692e+02   7.8811e-02   2.6082e+02   8.7385e-02   5.9717e-03   2.8919e+02   1.9763e+01
   4.0786e-01   2.3514e+00   1.4692e+02   9.8464e-02   3.1316e+02   1.1759e-01   5.1186e-03   3.7399e+02   1.6280e+01
   4.1331e-01   2.3568e+00   1.4692e+02   1.9465e-01   5.9127e+02   2.1673e-01   1.2796e-02   6.5836e+02   3.8871e+01
   4.1718e-01   2.3607e+00   1.4692e+02   3.3332e-01   9.8051e+02   3.7352e-01   2.1327e-02   1.0988e+03   6.2739e+01
   4.2179e-01   2.3653e+00   1.4692e+02   5.6123e-01   1.5901e+03   6.0293e-01   1.8791e-02   1.7082e+03   5.3239e+01
   4.2659e-01   2.3701e+00   1.4692e+02   7.8657e-01   2.1446e+03   8.1275e-01   1.6255e-02   2.2159e+03   4.4319e+01
   4.3120e-01   2.3747e+00   1.4692e+02   9.1145e-01   2.3966e+03   8.9575e-01   1.1102e-02   2.3553e+03   2.9192e+01
   4.3600e-01   2.3795e+00   1.4692e+02   9.4337e-01   2.3904e+03   9.2573e-01   1.0249e-02   2.3457e+03   2.5969e+01
   4.4052e-01   2.3840e+00   1.4692e+02   9.2045e-01   2.2537e+03   9.2227e-01   1.6255e-02   2.2582e+03   3.9801e+01
   4.4532e-01   2.3888e+00   1.4692e+02   8.7405e-01   2.0650e+03   8.5656e-01   1.1090e-02   2.0237e+03   2.6201e+01
   4.4975e-01   2.3933e+00   1.4692e+02   8.2681e-01   1.8910e+03   8.2082e-01   9.3956e-03   1.8773e+03   2.1489e+01
   4.5907e-01   2.4026e+00   1.4692e+02   7.3657e-01   1.5762e+03   7.2974e-01   8.5310e-03   1.5616e+03   1.8255e+01
   4.6820e-01   2.4117e+00   1.4692e+02   6.6664e-01   1.3393e+03   6.5827e-01   1.1989e-02   1.3225e+03   2.4088e+01
   4.7752e-01   2.4210e+00   1.4692e+02   6.1113e-01   1.1536e+03   6.1100e-01   1.0237e-02   1.1534e+03   1.9325e+01
   4.9606e-01   2.4396e+00   1.4692e+02   5.3209e-01   8.9247e+02   5.2569e-01   1.0249e-02   8.8174e+02   1.7190e+01
   5.1424e-01   2.4577e+00   1.4692e+02   4.7888e-01   7.2035e+02   4.7382e-01   1.0237e-02   7.1272e+02   1.5399e+01
   5.3241e-01   2.4759e+00   1.4692e+02   4.3944e-01   5.9652e+02   4.4154e-01   9.3956e-03   5.9936e+02   1.2754e+01
   5.5981e-01   2.5033e+00   1.4692e+02   3.9539e-01   4.6466e+02   3.9542e-01   9.3956e-03   4.6469e+02   1.1042e+01
   5.8758e-01   2.5311e+00   1.4692e+02   3.6229e-01   3.7217e+02   3.5392e-01   7.6894e-03   3.6357e+02   7.8990e+00
   6.4616e-01   2.5897e+00   8.9091e+01   6.1671e-01   4.9267e+02   5.8919e-01   1.7469e-02   4.7068e+02   1.3955e+01
   1.5075e+00   3.4510e+00   8.9091e+01   1.9113e-01   3.0480e+01   1.7370e-01   5.1419e-03   2.7700e+01   8.1999e-01
   1.5351e+00   3.4787e+00   8.9091e+01   2.2586e-01   3.5163e+01   1.9640e-01   6.1683e-03   3.0577e+01   9.6033e-01
   1.5444e+00   3.4879e+00   8.9091e+01   2.4352e-01   3.7617e+01   2.3390e-01   5.1419e-03   3.6132e+01   7.9429e-01
   1.5536e+00   3.4971e+00   8.9091e+01   2.4506e-01   3.7563e+01   2.2699e-01   5.6551e-03   3.4794e+01   8.6683e-01
   1.5628e+00   3.5063e+00   8.9091e+01   2.1335e-01   3.2454e+01   2.1219e-01   6.1683e-03   3.2277e+01   9.3829e-01
   1.5720e+00   3.5156e+00   8.9091e+01   1.5648e-01   2.3624e+01   1.6482e-01   6.1683e-03   2.4882e+01   9.3122e-01
   1.5822e+00   3.5257e+00   8.9091e+01   9.2856e-02   1.3903e+01   1.0955e-01   6.1683e-03   1.6403e+01   9.2358e-01
   1.5914e+00   3.5349e+00   8.9091e+01   6.6282e-02   9.8514e+00   7.6191e-02   3.0891e-03   1.1324e+01   4.5912e-01
   1.6006e+00   3.5442e+00   8.9091e+01   1.0782e-01   1.5909e+01   9.0600e-02   3.6023e-03   1.3368e+01   5.3150e-01
   1.6099e+00   3.5534e+00   8.9091e+01   1.9066e-01   2.7928e+01   1.4903e-01   5.6551e-03   2.1830e+01   8.2837e-01
   1.6182e+00   3.5617e+00   8.9091e+01   2.4167e-01   3.5173e+01   2.2008e-01   7.2045e-03   3.2031e+01   1.0486e+00
   1.6265e+00   3.5700e+00   8.9091e+01   2.6243e-01   3.7952e+01   2.3489e-01   5.6551e-03   3.3968e+01   8.1781e-01
   1.6366e+00   3.5801e+00   8.9091e+01   2.6627e-01   3.8210e+01   2.4377e-01   6.1683e-03   3.4982e+01   8.8517e-01
   1.6542e+00   3.5977e+00   8.9091e+01   2.5615e-01   3.6280e+01   2.4081e-01   6.1683e-03   3.4107e+01   8.7364e-01
   1.7464e+00   3.6899e+00   8.9091e+01   2.0911e-01   2.7757e+01   1.9442e-01   5.6551e-03   2.5808e+01   7.5065e-01
   1.8377e+00   3.7813e+00   8.9091e+01   1.8771e-01   2.3513e+01   1.7469e-01   4.6287e-03   2.1881e+01   5.7978e-01
   6.4524e-01   2.5887e+00   1.1888e+02   3.9159e-01   3.1398e+02   3.9734e-01   7.7961e-03   3.1858e+02   6.2508e+00
   6.9220e-01   2.6357e+00   1.1888e+02   3.5470e-01   2.3858e+02   3.6073e-01   9.3466e-03   2.4263e+02   6.2867e+00
   7.3814e-01   2.6817e+00   1.1888e+02   3.2624e-01   1.8825e+02   3.3489e-01   6.7516e-03   1.9324e+02   3.8959e+00
   7.8408e-01   2.7276e+00   1.1888e+02   3.0308e-01   1.5239e+02   2.9720e-01   6.2347e-03   1.4943e+02   3.1348e+00
   8.2910e-01   2.7726e+00   1.1888e+02   2.8416e-01   1.2645e+02   2.8105e-01   6.2347e-03   1.2507e+02   2.7745e+00
   8.7652e-01   2.8200e+00   1.1888e+02   2.6728e-01   1.0583e+02   2.6382e-01   5.7178e-03   1.0446e+02   2.2640e+00
   9.2062e-01   2.8641e+00   1.1888e+02   2.5377e-01   9.1001e+01   2.5520e-01   6.2347e-03   9.1514e+01   2.2357e+00
   9.6777e-01   2.9113e+00   1.1888e+02   2.4115e-01   7.8468e+01   2.4766e-01   5.1902e-03   8.0589e+01   1.6889e+00
   1.0591e+00   3.0026e+00   1.1888e+02   2.2069e-01   6.0808e+01   2.2290e-01   4.1565e-03   6.1416e+01   1.1452e+00
   1.1514e+00   3.0949e+00   1.1888e+02   2.0374e-01   4.8612e+01   2.0244e-01   4.6733e-03   4.8301e+01   1.1150e+00
   1.2427e+00   3.1862e+00   1.1888e+02   1.8920e-01   3.9901e+01   1.8413e-01   4.1565e-03   3.8833e+01   8.7658e-01
   1.3340e+00   3.2775e+00   1.1888e+02   1.7540e-01   3.3206e+01   1.7337e-01   3.6396e-03   3.2821e+01   6.8903e-01
   1.4263e+00   3.3698e+00   1.1888e+02   1.5880e-01   2.7310e+01   1.6152e-01   5.1902e-03   2.7777e+01   8.9258e-01
   1.4715e+00   3.4150e+00   1.1888e+02   1.4500e-01   2.3887e+01   1.4645e-01   3.6396e-03   2.4125e+01   5.9958e-01
   1.4890e+00   3.4325e+00   1.1888e+02   1.3595e-01   2.2040e+01   1.3783e-01   3.1120e-03   2.2345e+01   5.0452e-01
   1.5075e+00   3.4510e+00   1.1888e+02   1.2052e-01   1.9220e+01   1.2276e-01   2.5951e-03   1.9576e+01   4.1385e-01
   1.5259e+00   3.4694e+00   1.1888e+02   9.1910e-02   1.4423e+01   9.7666e-02   2.0782e-03   1.5326e+01   3.2613e-01
   1.5361e+00   3.4796e+00   1.1888e+02   6.7133e-02   1.0444e+01   7.2253e-02   2.8212e-03   1.1240e+01   4.3889e-01
   1.5444e+00   3.4879e+00   1.1888e+02   4.4362e-02   6.8528e+00   4.7702e-02   2.9720e-03   7.3688e+00   4.5909e-01
   1.5545e+00   3.4980e+00   1.1888e+02   2.6628e-02   4.0785e+00   2.4874e-02   2.9720e-03   3.8099e+00   4.5521e-01
   1.5628e+00   3.5063e+00   1.1888e+02   3.1221e-02   4.7492e+00   2.3905e-02   2.5413e-03   3.6363e+00   3.8656e-01
   1.5730e+00   3.5165e+00   1.1888e+02   5.6889e-02   8.5820e+00   4.5979e-02   2.5413e-03   6.9362e+00   3.8336e-01
   1.5813e+00   3.5248e+00   1.1888e+02   8.8655e-02   1.3284e+01   8.2914e-02   3.3919e-03   1.2424e+01   5.0826e-01
   1.5905e+00   3.5340e+00   1.1888e+02   1.3974e-01   2.0784e+01   1.3137e-01   4.6626e-03   1.9540e+01   6.9350e-01
   1.5988e+00   3.5423e+00   1.1888e+02   1.9816e-01   2.9281e+01   1.9059e-01   5.0933e-03   2.8162e+01   7.5259e-01
   1.6089e+00   3.5525e+00   1.1888e+02   2.4559e-01   3.6001e+01   2.3582e-01   3.3919e-03   3.4568e+01   4.9721e-01
   1.6182e+00   3.5617e+00   1.1888e+02   2.4873e-01   3.6200e+01   2.5305e-01   4.6626e-03   3.6829e+01   6.7859e-01
   1.6274e+00   3.5709e+00   1.1888e+02   2.3628e-01   3.4146e+01   2.3797e-01   6.3639e-03   3.4390e+01   9.1967e-01
   1.6357e+00   3.5792e+00   1.1888e+02   2.2402e-01   3.2170e+01   2.2505e-01   4.6626e-03   3.2318e+01   6.6956e-01
   1.6551e+00   3.5986e+00   1.1888e+02   2.0303e-01   2.8736e+01   2.0675e-01   4.2426e-03   2.9262e+01   6.0049e-01
   1.7464e+00   3.6899e+00   1.1888e+02   1.6945e-01   2.2493e+01   1.7121e-01   5.0933e-03   2.2727e+01   6.7608e-01
   1.8377e+00   3.7813e+00   1.1888e+02   1.5770e-01   1.9753e+01   1.5829e-01   4.2426e-03   1.9827e+01   5.3142e-01
   6.4727e-01   2.5908e+00   1.4692e+02   3.1286e-01   2.4884e+02   3.1588e-01   7.2052e-03   2.5124e+02   5.7308e+00
   6.9284e-01   2.6364e+00   1.4692e+02   2.8664e-01   1.9236e+02   2.8129e-01   5.9256e-03   1.8877e+02   3.9766e+00
   7.3814e-01   2.6817e+00   1.4692e+02   2.6650e-01   1.5378e+02   2.6861e-01   6.3521e-03   1.5500e+02   3.6654e+00
   7.8427e-01   2.7278e+00   1.4692e+02   2.5015e-01   1.2571e+02   2.4440e-01   6.3521e-03   1.2282e+02   3.1921e+00
   8.3030e-01   2.7738e+00   1.4692e+02   2.3684e-01   1.0507e+02   2.3518e-01   6.3521e-03   1.0433e+02   2.8180e+00
   8.7643e-01   2.8199e+00   1.4692e+02   2.2575e-01   8.9407e+01   2.2365e-01   5.5105e-03   8.8576e+01   2.1824e+00
   9.2210e-01   2.8656e+00   1.4692e+02   2.1648e-01   7.7384e+01   2.1558e-01   5.5105e-03   7.7061e+01   1.9698e+00
   9.6684e-01   2.9104e+00   1.4692e+02   2.0872e-01   6.8040e+01   2.1097e-01   3.8159e-03   6.8773e+01   1.2439e+00
   1.0591e+00   3.0026e+00   1.4692e+02   1.9588e-01   5.3973e+01   1.9137e-01   3.8159e-03   5.2729e+01   1.0514e+00
   1.1504e+00   3.0939e+00   1.4692e+02   1.8642e-01   4.4539e+01   1.7984e-01   4.2424e-03   4.2967e+01   1.0136e+00
   1.2427e+00   3.1862e+00   1.4692e+02   1.7954e-01   3.7865e+01   1.7984e-01   4.2424e-03   3.7928e+01   8.9471e-01
   1.4263e+00   3.3698e+00   1.4692e+02   1.7163e-01   2.9516e+01   1.7523e-01   3.8159e-03   3.0135e+01   6.5623e-01
   1.4715e+00   3.4150e+00   1.4692e+02   1.6356e-01   2.6945e+01   1.6947e-01   4.6575e-03   2.7918e+01   7.6726e-01
   1.5075e+00   3.4510e+00   1.4692e+02   1.3069e-01   2.0841e+01   1.4641e-01   3.8159e-03   2.3348e+01   6.0853e-01
   1.5259e+00   3.4694e+00   1.4692e+02   7.8894e-02   1.2380e+01   9.9720e-02   5.0840e-03   1.5649e+01   7.9781e-01
   1.5361e+00   3.4796e+00   1.4692e+02   3.4807e-02   5.4147e+00   6.3291e-02   3.3893e-03   9.8459e+00   5.2726e-01
   1.5444e+00   3.4879e+00   1.4692e+02   4.5411e-03   7.0148e-01   1.2796e-02   2.9628e-03   1.9767e+00   4.5767e-01
   1.5527e+00   3.4962e+00   1.4692e+02   1.1525e-02   1.7680e+00   3.0435e-03   2.1212e-03   4.6688e-01   3.2540e-01
   1.5628e+00   3.5063e+00   1.4692e+02   1.0908e-01   1.6593e+01   7.1245e-02   5.5105e-03   1.0837e+01   8.3824e-01
   1.5720e+00   3.5156e+00   1.4692e+02   2.6294e-01   3.9695e+01   2.4901e-01   8.0468e-03   3.7593e+01   1.2148e+00
   1.5803e+00   3.5239e+00   1.4692e+02   4.1861e-01   6.2772e+01   4.1387e-01   1.1021e-02   6.2061e+01   1.6527e+00
   1.5877e+00   3.5312e+00   1.4692e+02   5.4390e-01   8.1078e+01   5.9025e-01   1.2335e-02   8.7987e+01   1.8388e+00
   1.5970e+00   3.5405e+00   1.4692e+02   6.0463e-01   8.9471e+01   5.9025e-01   8.8999e-03   8.7343e+01   1.3170e+00
   1.6071e+00   3.5506e+00   1.4692e+02   4.6535e-01   6.8313e+01   4.7843e-01   9.7415e-03   7.0233e+01   1.4300e+00
   1.6172e+00   3.5608e+00   1.4692e+02   2.7273e-01   3.9721e+01   3.1127e-01   7.6318e-03   4.5334e+01   1.1115e+00
   1.6256e+00   3.5691e+00   1.4692e+02   1.7543e-01   2.5388e+01   2.1097e-01   5.0840e-03   3.0531e+01   7.3575e-01
   1.6348e+00   3.5783e+00   1.4692e+02   1.2078e-01   1.7357e+01   1.4641e-01   5.0840e-03   2.1040e+01   7.3059e-01
   1.6532e+00   3.5967e+00   1.4692e+02   8.5927e-02   1.2179e+01   9.8683e-02   2.5362e-03   1.3986e+01   3.5946e-01
   1.7446e+00   3.6881e+00   1.4692e+02   9.5024e-02   1.2629e+01   9.3841e-02   3.8159e-03   1.2472e+01   5.0714e-01
   1.8387e+00   3.7822e+00   1.4692e+02   1.0365e-01   1.2976e+01   9.9951e-02   3.3893e-03   1.2513e+01   4.2431e-01


